Using pre-set license
Built from '2021.3/staging' branch; Version is '2021.3.1f1 (3b70a0754835) revision 3895456'; Using compiler version '192829333'; Build Type 'Release'
OS: 'Windows 10  (10.0.19042) 64bit Professional' Language: 'zh' Physical Memory: 32725 MB
BatchMode: 1, IsHumanControllingUs: 0, StartBugReporterOnCrash: 0, Is64bit: 1, IsPro: 1

COMMAND LINE ARGUMENTS:
D:\unity data\2021.3.1f1\Editor\Unity.exe
-adb2
-batchMode
-noUpm
-name
AssetImportWorker6
-projectPath
D:/unity place/Unity-2d-game/2D RUN game
-logFile
Logs/AssetImportWorker6.log
-srvPort
64613
Successfully changed project path to: D:/unity place/Unity-2d-game/2D RUN game
D:/unity place/Unity-2d-game/2D RUN game
[UnityMemory] Configuration Parameters - Can be set up in boot.config
    "memorysetup-bucket-allocator-granularity=16"
    "memorysetup-bucket-allocator-bucket-count=8"
    "memorysetup-bucket-allocator-block-size=33554432"
    "memorysetup-bucket-allocator-block-count=8"
    "memorysetup-main-allocator-block-size=16777216"
    "memorysetup-thread-allocator-block-size=16777216"
    "memorysetup-gfx-main-allocator-block-size=16777216"
    "memorysetup-gfx-thread-allocator-block-size=16777216"
    "memorysetup-cache-allocator-block-size=4194304"
    "memorysetup-typetree-allocator-block-size=2097152"
    "memorysetup-profiler-bucket-allocator-granularity=16"
    "memorysetup-profiler-bucket-allocator-bucket-count=8"
    "memorysetup-profiler-bucket-allocator-block-size=33554432"
    "memorysetup-profiler-bucket-allocator-block-count=8"
    "memorysetup-profiler-allocator-block-size=16777216"
    "memorysetup-profiler-editor-allocator-block-size=1048576"
    "memorysetup-temp-allocator-size-main=16777216"
    "memorysetup-job-temp-allocator-block-size=2097152"
    "memorysetup-job-temp-allocator-block-size-background=1048576"
    "memorysetup-job-temp-allocator-reduction-small-platforms=262144"
    "memorysetup-temp-allocator-size-background-worker=32768"
    "memorysetup-temp-allocator-size-job-worker=262144"
    "memorysetup-temp-allocator-size-preload-manager=33554432"
    "memorysetup-temp-allocator-size-nav-mesh-worker=65536"
    "memorysetup-temp-allocator-size-audio-worker=65536"
    "memorysetup-temp-allocator-size-cloud-worker=32768"
    "memorysetup-temp-allocator-size-gi-baking-worker=262144"
    "memorysetup-temp-allocator-size-gfx=262144"
Refreshing native plugins compatible for Editor in 128.32 ms, found 4 plugins.
Preloading 0 native plugins for Editor in 0.00 ms.
Initialize engine version: 2021.3.1f1 (3b70a0754835)
[Subsystems] Discovering subsystems at path D:/unity data/2021.3.1f1/Editor/Data/Resources/UnitySubsystems
[Subsystems] Discovering subsystems at path D:/unity place/Unity-2d-game/2D RUN game/Assets
GfxDevice: creating device client; threaded=0; jobified=0
Direct3D:
    Version:  Direct3D 11.0 [level 11.1]
    Renderer: NVIDIA GeForce GTX 1080 (ID=0x1ba0)
    Vendor:   NVIDIA
    VRAM:     7988 MB
    Driver:   30.0.14.7284
Initialize mono
Mono path[0] = 'D:/unity data/2021.3.1f1/Editor/Data/Managed'
Mono path[1] = 'D:/unity data/2021.3.1f1/Editor/Data/MonoBleedingEdge/lib/mono/unityjit-win32'
Mono config path = 'D:/unity data/2021.3.1f1/Editor/Data/MonoBleedingEdge/etc'
Using monoOptions --debugger-agent=transport=dt_socket,embedding=1,server=y,suspend=n,address=127.0.0.1:56460
Begin MonoManager ReloadAssembly
Registering precompiled unity dll's ...
Register platform support module: D:/unity data/2021.3.1f1/Editor/Data/PlaybackEngines/WebGLSupport/UnityEditor.WebGL.Extensions.dll
Register platform support module: D:/unity data/2021.3.1f1/Editor/Data/PlaybackEngines/WindowsStandaloneSupport/UnityEditor.WindowsStandalone.Extensions.dll
Registered in 0.003871 seconds.
Native extension for WindowsStandalone target not found
Native extension for WebGL target not found
Refreshing native plugins compatible for Editor in 120.76 ms, found 4 plugins.
Preloading 0 native plugins for Editor in 0.00 ms.
Mono: successfully reloaded assembly
- Completed reload, in  0.814 seconds
Domain Reload Profiling:
	ReloadAssembly (815ms)
		BeginReloadAssembly (90ms)
			ExecutionOrderSort (0ms)
			DisableScriptedObjects (0ms)
			BackupInstance (0ms)
			ReleaseScriptingObjects (0ms)
			CreateAndSetChildDomain (1ms)
		EndReloadAssembly (594ms)
			LoadAssemblies (89ms)
			RebuildTransferFunctionScriptingTraits (0ms)
			SetupTypeCache (138ms)
			ReleaseScriptCaches (0ms)
			RebuildScriptCaches (38ms)
			SetupLoadedEditorAssemblies (357ms)
				LogAssemblyErrors (0ms)
				InitializePlatformSupportModulesInManaged (10ms)
				SetLoadedEditorAssemblies (0ms)
				RefreshPlugins (121ms)
				BeforeProcessingInitializeOnLoad (2ms)
				ProcessInitializeOnLoadAttributes (167ms)
				ProcessInitializeOnLoadMethodAttributes (57ms)
				AfterProcessingInitializeOnLoad (0ms)
				EditorAssembliesLoaded (0ms)
			ExecutionOrderSort2 (0ms)
			AwakeInstancesAfterBackupRestoration (0ms)
Platform modules already initialized, skipping
Registering precompiled user dll's ...
Registered in 0.007198 seconds.
Begin MonoManager ReloadAssembly
Native extension for WindowsStandalone target not found
Native extension for WebGL target not found
Refreshing native plugins compatible for Editor in 116.02 ms, found 4 plugins.
Preloading 0 native plugins for Editor in 0.00 ms.
Mono: successfully reloaded assembly
- Completed reload, in  1.373 seconds
Domain Reload Profiling:
	ReloadAssembly (1374ms)
		BeginReloadAssembly (130ms)
			ExecutionOrderSort (0ms)
			DisableScriptedObjects (7ms)
			BackupInstance (0ms)
			ReleaseScriptingObjects (0ms)
			CreateAndSetChildDomain (23ms)
		EndReloadAssembly (1103ms)
			LoadAssemblies (104ms)
			RebuildTransferFunctionScriptingTraits (0ms)
			SetupTypeCache (298ms)
			ReleaseScriptCaches (1ms)
			RebuildScriptCaches (75ms)
			SetupLoadedEditorAssemblies (553ms)
				LogAssemblyErrors (0ms)
				InitializePlatformSupportModulesInManaged (5ms)
				SetLoadedEditorAssemblies (0ms)
				RefreshPlugins (116ms)
				BeforeProcessingInitializeOnLoad (107ms)
				ProcessInitializeOnLoadAttributes (272ms)
				ProcessInitializeOnLoadMethodAttributes (48ms)
				AfterProcessingInitializeOnLoad (4ms)
				EditorAssembliesLoaded (0ms)
			ExecutionOrderSort2 (0ms)
			AwakeInstancesAfterBackupRestoration (10ms)
Platform modules already initialized, skipping
========================================================================
Worker process is ready to serve import requests
Launched and connected shader compiler UnityShaderCompiler.exe after 0.10 seconds
Refreshing native plugins compatible for Editor in 0.71 ms, found 4 plugins.
Preloading 0 native plugins for Editor in 0.00 ms.
Unloading 3913 Unused Serialized files (Serialized files now loaded: 0)
Unloading 34 unused Assets / (55.6 KB). Loaded Objects now: 4373.
Memory consumption went from 147.1 MB to 147.1 MB.
Total: 4.415000 ms (FindLiveObjects: 0.330200 ms CreateObjectMapping: 0.220000 ms MarkObjects: 3.785500 ms  DeleteObjects: 0.078300 ms)

AssetImportParameters requested are different than current active one (requested -> active):
  custom:video-decoder-ogg-theora: a1e56fd34408186e4bbccfd4996cb3dc -> 
  custom:container-muxer-webm: aa71ff27fc2769a1b78a27578f13a17b -> 
  custom:container-demuxer-webm: 4f35f7cbe854078d1ac9338744f61a02 -> 
  custom:video-encoder-webm-vp8: eb34c28f22e8b96e1ab97ce403110664 -> 
  custom:audio-encoder-webm-vorbis: bf7c407c2cedff20999df2af8eb42d56 -> 
  custom:framework-win-MediaFoundation: 216162199b28c13a410421893ffa2e32 -> 
  custom:container-demuxer-ogg: 62fdf1f143b41e24485cea50d1cbac27 -> 
  custom:video-decoder-webm-vp8: 9c59270c3fd7afecdb556c50c9e8de78 -> 
  custom:audio-decoder-ogg-vorbis: bf7c407c2cedff20999df2af8eb42d56 -> 
========================================================================
Received Import Request.
  Time since last request: 329818.942831 seconds.
  path: Assets/調整比例過/建築基底1/商業大樓2_0 1.prefab
  artifactKey: Guid(8805b9fc43fa8cf45ae638e524d4b14e) Importer(815301076,1909f56bfc062723c751e8b465ee728b)
Start importing Assets/調整比例過/建築基底1/商業大樓2_0 1.prefab using Guid(8805b9fc43fa8cf45ae638e524d4b14e) Importer(815301076,1909f56bfc062723c751e8b465ee728b)  -> (artifact id: 'c088057dcbf12c3e000c2ff6818f3af5') in 0.279061 seconds 
========================================================================
Received Import Request.
  Time since last request: 0.000049 seconds.
  path: Assets/調整比例過/建築基底1/商業大樓_1 1.prefab
  artifactKey: Guid(4670893bdb8ed23499557d5d76c1317d) Importer(815301076,1909f56bfc062723c751e8b465ee728b)
Start importing Assets/調整比例過/建築基底1/商業大樓_1 1.prefab using Guid(4670893bdb8ed23499557d5d76c1317d) Importer(815301076,1909f56bfc062723c751e8b465ee728b)  -> (artifact id: 'cb4af727ff0d221e77cb62bbedb7c2eb') in 0.043550 seconds 
========================================================================
Received Import Request.
  Time since last request: 35.774233 seconds.
  path: Assets/範例完成素材/預置位置.unity
  artifactKey: Guid(c535fffc2550aee438f9f0164c7327ac) Importer(815301076,1909f56bfc062723c751e8b465ee728b)
Start importing Assets/範例完成素材/預置位置.unity using Guid(c535fffc2550aee438f9f0164c7327ac) Importer(815301076,1909f56bfc062723c751e8b465ee728b)  -> (artifact id: '3f7413e905c7a4a2dc1d696c19743c9c') in 0.008162 seconds 
========================================================================
Received Import Request.
  Time since last request: 125.648894 seconds.
  path: Assets/調整比例過/建築基底1/建築 基本素材_2 1.prefab
  artifactKey: Guid(02689425e067bcd48bea8d7cc2fa2876) Importer(815301076,1909f56bfc062723c751e8b465ee728b)
Start importing Assets/調整比例過/建築基底1/建築 基本素材_2 1.prefab using Guid(02689425e067bcd48bea8d7cc2fa2876) Importer(815301076,1909f56bfc062723c751e8b465ee728b)  -> (artifact id: 'e90d9c41a05cbd4e87acab793149d2ac') in 0.040955 seconds 
========================================================================
Received Import Request.
  Time since last request: 2.936054 seconds.
  path: Assets/調整比例過/建築基底1/辦公類建築_0 1.prefab
  artifactKey: Guid(cb97111423947674dba885af88a35afe) Importer(815301076,1909f56bfc062723c751e8b465ee728b)
Start importing Assets/調整比例過/建築基底1/辦公類建築_0 1.prefab using Guid(cb97111423947674dba885af88a35afe) Importer(815301076,1909f56bfc062723c751e8b465ee728b)  -> (artifact id: 'bfc6645c1af2bb2ff962026997326737') in 0.025179 seconds 
========================================================================
Received Import Request.
  Time since last request: 7.297389 seconds.
  path: Assets/調整比例過/建築基底1/辦公類建築_1 1.prefab
  artifactKey: Guid(3e648252212621a4fbe92cd03199fce5) Importer(815301076,1909f56bfc062723c751e8b465ee728b)
Start importing Assets/調整比例過/建築基底1/辦公類建築_1 1.prefab using Guid(3e648252212621a4fbe92cd03199fce5) Importer(815301076,1909f56bfc062723c751e8b465ee728b)  -> (artifact id: 'cfcaf040de1c08bc1cb1ebbb30f61daf') in 0.040321 seconds 
========================================================================
Received Import Request.
  Time since last request: 221.077034 seconds.
  path: Assets/原始素材(不使用)/裝飾素材/圍欄.png
  artifactKey: Guid(4d6688e1ae2e38648892a8799c54379c) Importer(815301076,1909f56bfc062723c751e8b465ee728b)
Start importing Assets/原始素材(不使用)/裝飾素材/圍欄.png using Guid(4d6688e1ae2e38648892a8799c54379c) Importer(815301076,1909f56bfc062723c751e8b465ee728b)  -> (artifact id: '732af9508be812b20ae52f40f9c960f3') in 0.260929 seconds 
========================================================================
Received Import Request.
  Time since last request: 10.906968 seconds.
  path: Assets/原始素材(不使用)/裝飾素材/圍欄.png
  artifactKey: Guid(4d6688e1ae2e38648892a8799c54379c) Importer(815301076,1909f56bfc062723c751e8b465ee728b)
Start importing Assets/原始素材(不使用)/裝飾素材/圍欄.png using Guid(4d6688e1ae2e38648892a8799c54379c) Importer(815301076,1909f56bfc062723c751e8b465ee728b)  -> (artifact id: '620ca7eac9aac24b699e4c26c4ab4507') in 0.037611 seconds 
========================================================================
Received Import Request.
  Time since last request: 32.986398 seconds.
  path: Assets/原始素材(不使用)/裝飾素材/圍欄.png
  artifactKey: Guid(4d6688e1ae2e38648892a8799c54379c) Importer(815301076,1909f56bfc062723c751e8b465ee728b)
Start importing Assets/原始素材(不使用)/裝飾素材/圍欄.png using Guid(4d6688e1ae2e38648892a8799c54379c) Importer(815301076,1909f56bfc062723c751e8b465ee728b)  -> (artifact id: 'b8d63ca926b219670e932436326ca991') in 0.242977 seconds 
========================================================================
Received Import Request.
  Time since last request: 193.447812 seconds.
  path: Assets/調整比例過/裝飾素材/帷幕/帷幕_0.prefab
  artifactKey: Guid(35690bfeff1792e488180815613ef420) Importer(815301076,1909f56bfc062723c751e8b465ee728b)
Start importing Assets/調整比例過/裝飾素材/帷幕/帷幕_0.prefab using Guid(35690bfeff1792e488180815613ef420) Importer(815301076,1909f56bfc062723c751e8b465ee728b)  -> (artifact id: 'f9f69ecf4e7efc78e2b759c19e1ec9f9') in 0.062809 seconds 
========================================================================
Received Import Request.
  Time since last request: 3.358642 seconds.
  path: Assets/調整比例過/裝飾素材/帷幕/帷幕_1.prefab
  artifactKey: Guid(67d8b4bf7b285f342b172ace4b1c3c5c) Importer(815301076,1909f56bfc062723c751e8b465ee728b)
Start importing Assets/調整比例過/裝飾素材/帷幕/帷幕_1.prefab using Guid(67d8b4bf7b285f342b172ace4b1c3c5c) Importer(815301076,1909f56bfc062723c751e8b465ee728b)  -> (artifact id: '03ceaa6266b202f576f8d673170c93fd') in 0.040377 seconds 
========================================================================
Received Import Request.
  Time since last request: 4.091482 seconds.
  path: Assets/調整比例過/裝飾素材/帷幕/帷幕_2.prefab
  artifactKey: Guid(67e6c5f6e09dab043a9b0c3bee52911d) Importer(815301076,1909f56bfc062723c751e8b465ee728b)
Start importing Assets/調整比例過/裝飾素材/帷幕/帷幕_2.prefab using Guid(67e6c5f6e09dab043a9b0c3bee52911d) Importer(815301076,1909f56bfc062723c751e8b465ee728b)  -> (artifact id: '42378f5946fd06078dbfa545a67d7723') in 0.032137 seconds 
========================================================================
Received Import Request.
  Time since last request: 4.879755 seconds.
  path: Assets/調整比例過/裝飾素材/帷幕/帷幕_1.prefab
  artifactKey: Guid(67d8b4bf7b285f342b172ace4b1c3c5c) Importer(815301076,1909f56bfc062723c751e8b465ee728b)
Start importing Assets/調整比例過/裝飾素材/帷幕/帷幕_1.prefab using Guid(67d8b4bf7b285f342b172ace4b1c3c5c) Importer(815301076,1909f56bfc062723c751e8b465ee728b)  -> (artifact id: '641446f7087c1cbe021d59da7c30ab8f') in 0.029852 seconds 
========================================================================
Received Import Request.
  Time since last request: 8.916365 seconds.
  path: Assets/調整比例過/裝飾素材/帷幕/帷幕_1.prefab
  artifactKey: Guid(67d8b4bf7b285f342b172ace4b1c3c5c) Importer(815301076,1909f56bfc062723c751e8b465ee728b)
Start importing Assets/調整比例過/裝飾素材/帷幕/帷幕_1.prefab using Guid(67d8b4bf7b285f342b172ace4b1c3c5c) Importer(815301076,1909f56bfc062723c751e8b465ee728b)  -> (artifact id: 'dd0ff8f8526e8b29893e2d2ca6c28a2f') in 0.039049 seconds 
========================================================================
Received Import Request.
  Time since last request: 2.057627 seconds.
  path: Assets/調整比例過/裝飾素材/帷幕/帷幕_1.prefab
  artifactKey: Guid(67d8b4bf7b285f342b172ace4b1c3c5c) Importer(815301076,1909f56bfc062723c751e8b465ee728b)
Start importing Assets/調整比例過/裝飾素材/帷幕/帷幕_1.prefab using Guid(67d8b4bf7b285f342b172ace4b1c3c5c) Importer(815301076,1909f56bfc062723c751e8b465ee728b)  -> (artifact id: 'da60bffc9d8e37a0d71485210b973be8') in 0.033927 seconds 
========================================================================
Received Import Request.
  Time since last request: 1.493580 seconds.
  path: Assets/調整比例過/裝飾素材/帷幕/帷幕_0.prefab
  artifactKey: Guid(35690bfeff1792e488180815613ef420) Importer(815301076,1909f56bfc062723c751e8b465ee728b)
Start importing Assets/調整比例過/裝飾素材/帷幕/帷幕_0.prefab using Guid(35690bfeff1792e488180815613ef420) Importer(815301076,1909f56bfc062723c751e8b465ee728b)  -> (artifact id: '7d0d5b1226076407e3b32aac71e59aff') in 0.031588 seconds 
========================================================================
Received Import Request.
  Time since last request: 0.943874 seconds.
  path: Assets/調整比例過/裝飾素材/帷幕/帷幕_0.prefab
  artifactKey: Guid(35690bfeff1792e488180815613ef420) Importer(815301076,1909f56bfc062723c751e8b465ee728b)
Start importing Assets/調整比例過/裝飾素材/帷幕/帷幕_0.prefab using Guid(35690bfeff1792e488180815613ef420) Importer(815301076,1909f56bfc062723c751e8b465ee728b)  -> (artifact id: 'bdf7a1120d89ea2dd1887533f51d31f3') in 0.032397 seconds 
========================================================================
Received Import Request.
  Time since last request: 1.926611 seconds.
  path: Assets/調整比例過/裝飾素材/帷幕/帷幕_2.prefab
  artifactKey: Guid(67e6c5f6e09dab043a9b0c3bee52911d) Importer(815301076,1909f56bfc062723c751e8b465ee728b)
Start importing Assets/調整比例過/裝飾素材/帷幕/帷幕_2.prefab using Guid(67e6c5f6e09dab043a9b0c3bee52911d) Importer(815301076,1909f56bfc062723c751e8b465ee728b)  -> (artifact id: '1c5589325c5f37d3fe1b77e0e7eac708') in 0.032168 seconds 
========================================================================
Received Import Request.
  Time since last request: 2.410438 seconds.
  path: Assets/調整比例過/裝飾素材/帷幕/帷幕_2.prefab
  artifactKey: Guid(67e6c5f6e09dab043a9b0c3bee52911d) Importer(815301076,1909f56bfc062723c751e8b465ee728b)
Start importing Assets/調整比例過/裝飾素材/帷幕/帷幕_2.prefab using Guid(67e6c5f6e09dab043a9b0c3bee52911d) Importer(815301076,1909f56bfc062723c751e8b465ee728b)  -> (artifact id: '10f469812418aee8155a992f5013898c') in 0.030399 seconds 
========================================================================
Received Import Request.
  Time since last request: 162.187529 seconds.
  path: Assets/調整比例過/裝飾素材/圍欄
  artifactKey: Guid(a506b682f3f589b4b8b37e2c14ddd24e) Importer(815301076,1909f56bfc062723c751e8b465ee728b)
Start importing Assets/調整比例過/裝飾素材/圍欄 using Guid(a506b682f3f589b4b8b37e2c14ddd24e) Importer(815301076,1909f56bfc062723c751e8b465ee728b)  -> (artifact id: '8ef97eac1958d1f4cea08624adb44449') in 0.002779 seconds 
========================================================================
Received Import Request.
  Time since last request: 4.720281 seconds.
  path: Assets/調整比例過/裝飾素材/圍欄/圍欄_4.prefab
  artifactKey: Guid(7bd809c9e05614e4daf46ff702466a51) Importer(815301076,1909f56bfc062723c751e8b465ee728b)
Start importing Assets/調整比例過/裝飾素材/圍欄/圍欄_4.prefab using Guid(7bd809c9e05614e4daf46ff702466a51) Importer(815301076,1909f56bfc062723c751e8b465ee728b)  -> (artifact id: '2284ac5e0d4612ff191685cf7bbe1d2c') in 0.041039 seconds 
========================================================================
Received Import Request.
  Time since last request: 0.000089 seconds.
  path: Assets/調整比例過/裝飾素材/圍欄/圍欄_9.prefab
  artifactKey: Guid(c73e3864c76e6f74f8a5d3bef528cb4f) Importer(815301076,1909f56bfc062723c751e8b465ee728b)
Start importing Assets/調整比例過/裝飾素材/圍欄/圍欄_9.prefab using Guid(c73e3864c76e6f74f8a5d3bef528cb4f) Importer(815301076,1909f56bfc062723c751e8b465ee728b)  -> (artifact id: '9f92b2b4054b8d68241f768f3a2d12cf') in 0.043006 seconds 
========================================================================
Received Import Request.
  Time since last request: 0.000029 seconds.
  path: Assets/調整比例過/裝飾素材/圍欄/圍欄_6.prefab
  artifactKey: Guid(71bbca28e00571349af771de6b39b25d) Importer(815301076,1909f56bfc062723c751e8b465ee728b)
Start importing Assets/調整比例過/裝飾素材/圍欄/圍欄_6.prefab using Guid(71bbca28e00571349af771de6b39b25d) Importer(815301076,1909f56bfc062723c751e8b465ee728b)  -> (artifact id: '3a92e6a260b9f999393b14553d272754') in 0.028777 seconds 
========================================================================
Received Import Request.
  Time since last request: 0.000027 seconds.
  path: Assets/調整比例過/裝飾素材/圍欄/圍欄_7.prefab
  artifactKey: Guid(faaaf860ef280e94e9cbfcd3e44d4f3b) Importer(815301076,1909f56bfc062723c751e8b465ee728b)
Start importing Assets/調整比例過/裝飾素材/圍欄/圍欄_7.prefab using Guid(faaaf860ef280e94e9cbfcd3e44d4f3b) Importer(815301076,1909f56bfc062723c751e8b465ee728b)  -> (artifact id: 'a88061549d25a42c1b5b50ec870f16d1') in 0.028004 seconds 
========================================================================
Received Import Request.
  Time since last request: 0.000024 seconds.
  path: Assets/調整比例過/裝飾素材/圍欄/圍欄_12.prefab
  artifactKey: Guid(e09ef2ee7479e584eac28e71629df1e2) Importer(815301076,1909f56bfc062723c751e8b465ee728b)
Start importing Assets/調整比例過/裝飾素材/圍欄/圍欄_12.prefab using Guid(e09ef2ee7479e584eac28e71629df1e2) Importer(815301076,1909f56bfc062723c751e8b465ee728b)  -> (artifact id: 'e972d23e03a7aee96b6ad59e906328dd') in 0.030449 seconds 
========================================================================
Received Import Request.
  Time since last request: 154.829897 seconds.
  path: Assets/調整比例過/裝飾素材/圍欄/圍欄_1.prefab
  artifactKey: Guid(6a515cd7828e647438199e8af8127ac4) Importer(815301076,1909f56bfc062723c751e8b465ee728b)
Start importing Assets/調整比例過/裝飾素材/圍欄/圍欄_1.prefab using Guid(6a515cd7828e647438199e8af8127ac4) Importer(815301076,1909f56bfc062723c751e8b465ee728b)  -> (artifact id: '76536fc3cb86bd3ea844e2b9761b7cab') in 0.037419 seconds 
========================================================================
Received Import Request.
  Time since last request: 0.000031 seconds.
  path: Assets/調整比例過/裝飾素材/圍欄/圍欄_3.prefab
  artifactKey: Guid(69fbdefb403d0be4282ef59044e50ae9) Importer(815301076,1909f56bfc062723c751e8b465ee728b)
Start importing Assets/調整比例過/裝飾素材/圍欄/圍欄_3.prefab using Guid(69fbdefb403d0be4282ef59044e50ae9) Importer(815301076,1909f56bfc062723c751e8b465ee728b)  -> (artifact id: '94503ea7e76c79e92685cb7a68a4dc94') in 0.036801 seconds 
========================================================================
Received Import Request.
  Time since last request: 0.000049 seconds.
  path: Assets/調整比例過/裝飾素材/圍欄/圍欄_2.prefab
  artifactKey: Guid(8bdc877b6842db14e91349b127d8b767) Importer(815301076,1909f56bfc062723c751e8b465ee728b)
Start importing Assets/調整比例過/裝飾素材/圍欄/圍欄_2.prefab using Guid(8bdc877b6842db14e91349b127d8b767) Importer(815301076,1909f56bfc062723c751e8b465ee728b)  -> (artifact id: 'ef619a50400a427dfd66723f1067f9a2') in 0.025569 seconds 
========================================================================
Received Import Request.
  Time since last request: 125.440298 seconds.
  path: Assets/調整比例過/建築基底/商業大樓_0 1.prefab
  artifactKey: Guid(8108e303554143e4ca5e9880e8b5c67b) Importer(815301076,1909f56bfc062723c751e8b465ee728b)
Start importing Assets/調整比例過/建築基底/商業大樓_0 1.prefab using Guid(8108e303554143e4ca5e9880e8b5c67b) Importer(815301076,1909f56bfc062723c751e8b465ee728b)  -> (artifact id: '9b6744cb297e4dab6f2616bda767d669') in 0.042473 seconds 
========================================================================
Received Import Request.
  Time since last request: 0.000032 seconds.
  path: Assets/調整比例過/建築基底/大型住宅_1 1.prefab
  artifactKey: Guid(6ab83476717af4545812bd815a198e09) Importer(815301076,1909f56bfc062723c751e8b465ee728b)
Start importing Assets/調整比例過/建築基底/大型住宅_1 1.prefab using Guid(6ab83476717af4545812bd815a198e09) Importer(815301076,1909f56bfc062723c751e8b465ee728b)  -> (artifact id: 'c84ff5d8907476c7cb8185d18f3f6a9c') in 0.035049 seconds 
========================================================================
Received Import Request.
  Time since last request: 0.000158 seconds.
  path: Assets/調整比例過/建築基底/大型住宅_0 1.prefab
  artifactKey: Guid(1fbb26dcc7d9c8f4fa06c54f90d74328) Importer(815301076,1909f56bfc062723c751e8b465ee728b)
Start importing Assets/調整比例過/建築基底/大型住宅_0 1.prefab using Guid(1fbb26dcc7d9c8f4fa06c54f90d74328) Importer(815301076,1909f56bfc062723c751e8b465ee728b)  -> (artifact id: 'e4a8297dd6874a3a794fdd05240bf2cf') in 0.035937 seconds 
========================================================================
Received Import Request.
  Time since last request: 0.000052 seconds.
  path: Assets/調整比例過/建築基底/小型住宅_3 1.prefab
  artifactKey: Guid(c5d3b2f9a0200464782308c9d3db8ebb) Importer(815301076,1909f56bfc062723c751e8b465ee728b)
Start importing Assets/調整比例過/建築基底/小型住宅_3 1.prefab using Guid(c5d3b2f9a0200464782308c9d3db8ebb) Importer(815301076,1909f56bfc062723c751e8b465ee728b)  -> (artifact id: '71df8cd32b945154e5939edaeaab0ce6') in 0.030625 seconds 
========================================================================
Received Import Request.
  Time since last request: 0.000047 seconds.
  path: Assets/調整比例過/建築基底/建築 基本素材_1 1.prefab
  artifactKey: Guid(1cb336df03a47c34baff78b482bfc279) Importer(815301076,1909f56bfc062723c751e8b465ee728b)
Start importing Assets/調整比例過/建築基底/建築 基本素材_1 1.prefab using Guid(1cb336df03a47c34baff78b482bfc279) Importer(815301076,1909f56bfc062723c751e8b465ee728b)  -> (artifact id: '50de7a8441022d11ca824b727a5f381f') in 0.024576 seconds 
Editor requested this worker to shutdown with reason: Scaling down because of idle timeout
AssetImportWorker is now disconnected from the server
Process exiting
Exiting without the bug reporter. Application will terminate with return code 0