Using pre-set license
Built from '2021.3/staging' branch; Version is '2021.3.1f1 (3b70a0754835) revision 3895456'; Using compiler version '192829333'; Build Type 'Release'
OS: 'Windows 10  (10.0.19042) 64bit Professional' Language: 'zh' Physical Memory: 32725 MB
BatchMode: 1, IsHumanControllingUs: 0, StartBugReporterOnCrash: 0, Is64bit: 1, IsPro: 1

COMMAND LINE ARGUMENTS:
D:\unity data\2021.3.1f1\Editor\Unity.exe
-adb2
-batchMode
-noUpm
-name
AssetImportWorker0
-projectPath
D:/unity place/Unity-2d-game/2D RUN game
-logFile
Logs/AssetImportWorker0.log
-srvPort
64578
Successfully changed project path to: D:/unity place/Unity-2d-game/2D RUN game
D:/unity place/Unity-2d-game/2D RUN game
[UnityMemory] Configuration Parameters - Can be set up in boot.config
    "memorysetup-bucket-allocator-granularity=16"
    "memorysetup-bucket-allocator-bucket-count=8"
    "memorysetup-bucket-allocator-block-size=33554432"
    "memorysetup-bucket-allocator-block-count=8"
    "memorysetup-main-allocator-block-size=16777216"
    "memorysetup-thread-allocator-block-size=16777216"
    "memorysetup-gfx-main-allocator-block-size=16777216"
    "memorysetup-gfx-thread-allocator-block-size=16777216"
    "memorysetup-cache-allocator-block-size=4194304"
    "memorysetup-typetree-allocator-block-size=2097152"
    "memorysetup-profiler-bucket-allocator-granularity=16"
    "memorysetup-profiler-bucket-allocator-bucket-count=8"
    "memorysetup-profiler-bucket-allocator-block-size=33554432"
    "memorysetup-profiler-bucket-allocator-block-count=8"
    "memorysetup-profiler-allocator-block-size=16777216"
    "memorysetup-profiler-editor-allocator-block-size=1048576"
    "memorysetup-temp-allocator-size-main=16777216"
    "memorysetup-job-temp-allocator-block-size=2097152"
    "memorysetup-job-temp-allocator-block-size-background=1048576"
    "memorysetup-job-temp-allocator-reduction-small-platforms=262144"
    "memorysetup-temp-allocator-size-background-worker=32768"
    "memorysetup-temp-allocator-size-job-worker=262144"
    "memorysetup-temp-allocator-size-preload-manager=33554432"
    "memorysetup-temp-allocator-size-nav-mesh-worker=65536"
    "memorysetup-temp-allocator-size-audio-worker=65536"
    "memorysetup-temp-allocator-size-cloud-worker=32768"
    "memorysetup-temp-allocator-size-gi-baking-worker=262144"
    "memorysetup-temp-allocator-size-gfx=262144"
Refreshing native plugins compatible for Editor in 139.09 ms, found 4 plugins.
Preloading 0 native plugins for Editor in 0.00 ms.
Initialize engine version: 2021.3.1f1 (3b70a0754835)
[Subsystems] Discovering subsystems at path D:/unity data/2021.3.1f1/Editor/Data/Resources/UnitySubsystems
[Subsystems] Discovering subsystems at path D:/unity place/Unity-2d-game/2D RUN game/Assets
GfxDevice: creating device client; threaded=0; jobified=0
Direct3D:
    Version:  Direct3D 11.0 [level 11.1]
    Renderer: NVIDIA GeForce GTX 1080 (ID=0x1ba0)
    Vendor:   NVIDIA
    VRAM:     7988 MB
    Driver:   30.0.14.7284
Initialize mono
Mono path[0] = 'D:/unity data/2021.3.1f1/Editor/Data/Managed'
Mono path[1] = 'D:/unity data/2021.3.1f1/Editor/Data/MonoBleedingEdge/lib/mono/unityjit-win32'
Mono config path = 'D:/unity data/2021.3.1f1/Editor/Data/MonoBleedingEdge/etc'
Using monoOptions --debugger-agent=transport=dt_socket,embedding=1,server=y,suspend=n,address=127.0.0.1:56188
Begin MonoManager ReloadAssembly
Registering precompiled unity dll's ...
Register platform support module: D:/unity data/2021.3.1f1/Editor/Data/PlaybackEngines/WebGLSupport/UnityEditor.WebGL.Extensions.dll
Register platform support module: D:/unity data/2021.3.1f1/Editor/Data/PlaybackEngines/WindowsStandaloneSupport/UnityEditor.WindowsStandalone.Extensions.dll
Registered in 0.007284 seconds.
Native extension for WindowsStandalone target not found
Native extension for WebGL target not found
Refreshing native plugins compatible for Editor in 141.64 ms, found 4 plugins.
Preloading 0 native plugins for Editor in 0.00 ms.
Mono: successfully reloaded assembly
- Completed reload, in  0.980 seconds
Domain Reload Profiling:
	ReloadAssembly (981ms)
		BeginReloadAssembly (112ms)
			ExecutionOrderSort (0ms)
			DisableScriptedObjects (0ms)
			BackupInstance (0ms)
			ReleaseScriptingObjects (0ms)
			CreateAndSetChildDomain (1ms)
		EndReloadAssembly (687ms)
			LoadAssemblies (110ms)
			RebuildTransferFunctionScriptingTraits (0ms)
			SetupTypeCache (149ms)
			ReleaseScriptCaches (0ms)
			RebuildScriptCaches (48ms)
			SetupLoadedEditorAssemblies (415ms)
				LogAssemblyErrors (0ms)
				InitializePlatformSupportModulesInManaged (13ms)
				SetLoadedEditorAssemblies (0ms)
				RefreshPlugins (142ms)
				BeforeProcessingInitializeOnLoad (2ms)
				ProcessInitializeOnLoadAttributes (181ms)
				ProcessInitializeOnLoadMethodAttributes (77ms)
				AfterProcessingInitializeOnLoad (0ms)
				EditorAssembliesLoaded (0ms)
			ExecutionOrderSort2 (0ms)
			AwakeInstancesAfterBackupRestoration (0ms)
Platform modules already initialized, skipping
Registering precompiled user dll's ...
Registered in 0.007147 seconds.
Begin MonoManager ReloadAssembly
Symbol file LoadedFromMemory doesn't match image D:\unity place\Unity-2d-game\2D RUN game\Library\PackageCache\com.unity.visualscripting@1.7.6\Editor\VisualScripting.Core\Dependencies\YamlDotNet\Unity.VisualScripting.YamlDotNet.dll
Symbol file LoadedFromMemory is not a mono symbol file
Symbol file LoadedFromMemory doesn't match image D:\unity place\Unity-2d-game\2D RUN game\Library\PackageCache\com.unity.visualscripting@1.7.6\Editor\VisualScripting.Core\Dependencies\DotNetZip\Unity.VisualScripting.IonicZip.dll
Native extension for WindowsStandalone target not found
Native extension for WebGL target not found
Refreshing native plugins compatible for Editor in 134.32 ms, found 4 plugins.
Preloading 0 native plugins for Editor in 0.00 ms.
Mono: successfully reloaded assembly
- Completed reload, in  1.595 seconds
Domain Reload Profiling:
	ReloadAssembly (1596ms)
		BeginReloadAssembly (155ms)
			ExecutionOrderSort (0ms)
			DisableScriptedObjects (10ms)
			BackupInstance (0ms)
			ReleaseScriptingObjects (0ms)
			CreateAndSetChildDomain (24ms)
		EndReloadAssembly (1282ms)
			LoadAssemblies (123ms)
			RebuildTransferFunctionScriptingTraits (0ms)
			SetupTypeCache (362ms)
			ReleaseScriptCaches (1ms)
			RebuildScriptCaches (89ms)
			SetupLoadedEditorAssemblies (627ms)
				LogAssemblyErrors (0ms)
				InitializePlatformSupportModulesInManaged (6ms)
				SetLoadedEditorAssemblies (0ms)
				RefreshPlugins (134ms)
				BeforeProcessingInitializeOnLoad (127ms)
				ProcessInitializeOnLoadAttributes (302ms)
				ProcessInitializeOnLoadMethodAttributes (52ms)
				AfterProcessingInitializeOnLoad (5ms)
				EditorAssembliesLoaded (0ms)
			ExecutionOrderSort2 (0ms)
			AwakeInstancesAfterBackupRestoration (11ms)
Platform modules already initialized, skipping
========================================================================
Worker process is ready to serve import requests
Launched and connected shader compiler UnityShaderCompiler.exe after 0.11 seconds
Refreshing native plugins compatible for Editor in 0.88 ms, found 4 plugins.
Preloading 0 native plugins for Editor in 0.00 ms.
Unloading 3913 Unused Serialized files (Serialized files now loaded: 0)
Unloading 34 unused Assets / (55.6 KB). Loaded Objects now: 4373.
Memory consumption went from 147.0 MB to 147.0 MB.
Total: 4.507700 ms (FindLiveObjects: 0.549200 ms CreateObjectMapping: 0.562300 ms MarkObjects: 3.302000 ms  DeleteObjects: 0.077300 ms)

AssetImportParameters requested are different than current active one (requested -> active):
  custom:video-decoder-ogg-theora: a1e56fd34408186e4bbccfd4996cb3dc -> 
  custom:container-muxer-webm: aa71ff27fc2769a1b78a27578f13a17b -> 
  custom:container-demuxer-webm: 4f35f7cbe854078d1ac9338744f61a02 -> 
  custom:video-encoder-webm-vp8: eb34c28f22e8b96e1ab97ce403110664 -> 
  custom:audio-encoder-webm-vorbis: bf7c407c2cedff20999df2af8eb42d56 -> 
  custom:framework-win-MediaFoundation: 216162199b28c13a410421893ffa2e32 -> 
  custom:container-demuxer-ogg: 62fdf1f143b41e24485cea50d1cbac27 -> 
  custom:video-decoder-webm-vp8: 9c59270c3fd7afecdb556c50c9e8de78 -> 
  custom:audio-decoder-ogg-vorbis: bf7c407c2cedff20999df2af8eb42d56 -> 
========================================================================
Received Import Request.
  Time since last request: 326739.260640 seconds.
  path: Assets/範例完成素材/預置位置.unity
  artifactKey: Guid(c535fffc2550aee438f9f0164c7327ac) Importer(815301076,1909f56bfc062723c751e8b465ee728b)
Start importing Assets/範例完成素材/預置位置.unity using Guid(c535fffc2550aee438f9f0164c7327ac) Importer(815301076,1909f56bfc062723c751e8b465ee728b)  -> (artifact id: '0f02c332acb1b7a346ae2bd377bb3c64') in 0.010426 seconds 
========================================================================
Received Import Request.
  Time since last request: 46.434190 seconds.
  path: Assets/範例完成素材/預置位置.unity
  artifactKey: Guid(c535fffc2550aee438f9f0164c7327ac) Importer(815301076,1909f56bfc062723c751e8b465ee728b)
Start importing Assets/範例完成素材/預置位置.unity using Guid(c535fffc2550aee438f9f0164c7327ac) Importer(815301076,1909f56bfc062723c751e8b465ee728b)  -> (artifact id: '535c197466776e8c678a2153187a2856') in 0.007619 seconds 
========================================================================
Received Import Request.
  Time since last request: 210.563840 seconds.
  path: Assets/調整比例後素材/大型住宅_0.prefab
  artifactKey: Guid(6b61e0d056170dd42816ded975fc9edb) Importer(815301076,1909f56bfc062723c751e8b465ee728b)
Start importing Assets/調整比例後素材/大型住宅_0.prefab using Guid(6b61e0d056170dd42816ded975fc9edb) Importer(815301076,1909f56bfc062723c751e8b465ee728b)  -> (artifact id: 'e71f2b053f9df13b3cd994db46a29b3c') in 0.236519 seconds 
========================================================================
Received Import Request.
  Time since last request: 0.000044 seconds.
  path: Assets/調整比例後素材/建築 基本素材_3.prefab
  artifactKey: Guid(f77b7bee0bc15cb4e9f256e79bacc0f0) Importer(815301076,1909f56bfc062723c751e8b465ee728b)
Start importing Assets/調整比例後素材/建築 基本素材_3.prefab using Guid(f77b7bee0bc15cb4e9f256e79bacc0f0) Importer(815301076,1909f56bfc062723c751e8b465ee728b)  -> (artifact id: 'b957572ae94f8a109d9b19993aa29684') in 0.032214 seconds 
========================================================================
Received Import Request.
  Time since last request: 0.000082 seconds.
  path: Assets/調整比例後素材/小型住宅_2.prefab
  artifactKey: Guid(b415c70e06cce8344a9034ec36793aa2) Importer(815301076,1909f56bfc062723c751e8b465ee728b)
Start importing Assets/調整比例後素材/小型住宅_2.prefab using Guid(b415c70e06cce8344a9034ec36793aa2) Importer(815301076,1909f56bfc062723c751e8b465ee728b)  -> (artifact id: '49fed60355d14e892ab456fd5a21ed7b') in 0.033816 seconds 
========================================================================
Received Import Request.
  Time since last request: 0.000034 seconds.
  path: Assets/調整比例後素材/辦公類建築_1.prefab
  artifactKey: Guid(46d69bef376fe2b4bb2f4ef895151a6c) Importer(815301076,1909f56bfc062723c751e8b465ee728b)
Start importing Assets/調整比例後素材/辦公類建築_1.prefab using Guid(46d69bef376fe2b4bb2f4ef895151a6c) Importer(815301076,1909f56bfc062723c751e8b465ee728b)  -> (artifact id: '0edab6f7b03a55be7ff309365c210d57') in 0.027675 seconds 
========================================================================
Received Import Request.
  Time since last request: 0.000089 seconds.
  path: Assets/調整比例後素材/小型住宅_1.prefab
  artifactKey: Guid(99ba22fd38a81494a8164b28ba5db5bc) Importer(815301076,1909f56bfc062723c751e8b465ee728b)
Start importing Assets/調整比例後素材/小型住宅_1.prefab using Guid(99ba22fd38a81494a8164b28ba5db5bc) Importer(815301076,1909f56bfc062723c751e8b465ee728b)  -> (artifact id: '29639fd21e773cd8804ceae66284f1f3') in 0.024799 seconds 
========================================================================
Received Import Request.
  Time since last request: 0.000029 seconds.
  path: Assets/調整比例後素材/建築 基本素材_1.prefab
  artifactKey: Guid(2f7011258ee1d5e48be6beadd7d12212) Importer(815301076,1909f56bfc062723c751e8b465ee728b)
Start importing Assets/調整比例後素材/建築 基本素材_1.prefab using Guid(2f7011258ee1d5e48be6beadd7d12212) Importer(815301076,1909f56bfc062723c751e8b465ee728b)  -> (artifact id: 'a0ec5a81ff7b9102409b50cf5441d84a') in 0.020226 seconds 
========================================================================
Received Import Request.
  Time since last request: 1.389723 seconds.
  path: Assets/調整比例後素材/商業大樓2_0.prefab
  artifactKey: Guid(7da95d7c6656cba44818b339cf045b26) Importer(815301076,1909f56bfc062723c751e8b465ee728b)
Start importing Assets/調整比例後素材/商業大樓2_0.prefab using Guid(7da95d7c6656cba44818b339cf045b26) Importer(815301076,1909f56bfc062723c751e8b465ee728b)  -> (artifact id: 'f4d922c4ebb5443002b3624cb9143bc4') in 0.028063 seconds 
========================================================================
Received Import Request.
  Time since last request: 0.000037 seconds.
  path: Assets/調整比例後素材/商業大樓_1.prefab
  artifactKey: Guid(02f2aedbcd8a87b45b172caad7060662) Importer(815301076,1909f56bfc062723c751e8b465ee728b)
Start importing Assets/調整比例後素材/商業大樓_1.prefab using Guid(02f2aedbcd8a87b45b172caad7060662) Importer(815301076,1909f56bfc062723c751e8b465ee728b)  -> (artifact id: '9f8aedc7f9eb381bb6858abad625e7a8') in 0.031028 seconds 
========================================================================
Received Import Request.
  Time since last request: 242.659143 seconds.
  path: Assets/調整比例後素材/裝飾素材/圍欄_1.prefab
  artifactKey: Guid(45021ed5a28022a4d93458d87dd29a55) Importer(815301076,1909f56bfc062723c751e8b465ee728b)
Start importing Assets/調整比例後素材/裝飾素材/圍欄_1.prefab using Guid(45021ed5a28022a4d93458d87dd29a55) Importer(815301076,1909f56bfc062723c751e8b465ee728b)  -> (artifact id: 'f8b633cd4150891fec3cb9562a459791') in 0.053637 seconds 
