Using pre-set license
Built from '2021.3/staging' branch; Version is '2021.3.1f1 (3b70a0754835) revision 3895456'; Using compiler version '192829333'; Build Type 'Release'
OS: 'Windows 10  (10.0.19042) 64bit Professional' Language: 'zh' Physical Memory: 32725 MB
BatchMode: 1, IsHumanControllingUs: 0, StartBugReporterOnCrash: 0, Is64bit: 1, IsPro: 1

COMMAND LINE ARGUMENTS:
D:\unity data\2021.3.1f1\Editor\Unity.exe
-adb2
-batchMode
-noUpm
-name
AssetImportWorker4
-projectPath
D:/unity place/Unity-2d-game/2D RUN game
-logFile
Logs/AssetImportWorker4.log
-srvPort
64613
Successfully changed project path to: D:/unity place/Unity-2d-game/2D RUN game
D:/unity place/Unity-2d-game/2D RUN game
[UnityMemory] Configuration Parameters - Can be set up in boot.config
    "memorysetup-bucket-allocator-granularity=16"
    "memorysetup-bucket-allocator-bucket-count=8"
    "memorysetup-bucket-allocator-block-size=33554432"
    "memorysetup-bucket-allocator-block-count=8"
    "memorysetup-main-allocator-block-size=16777216"
    "memorysetup-thread-allocator-block-size=16777216"
    "memorysetup-gfx-main-allocator-block-size=16777216"
    "memorysetup-gfx-thread-allocator-block-size=16777216"
    "memorysetup-cache-allocator-block-size=4194304"
    "memorysetup-typetree-allocator-block-size=2097152"
    "memorysetup-profiler-bucket-allocator-granularity=16"
    "memorysetup-profiler-bucket-allocator-bucket-count=8"
    "memorysetup-profiler-bucket-allocator-block-size=33554432"
    "memorysetup-profiler-bucket-allocator-block-count=8"
    "memorysetup-profiler-allocator-block-size=16777216"
    "memorysetup-profiler-editor-allocator-block-size=1048576"
    "memorysetup-temp-allocator-size-main=16777216"
    "memorysetup-job-temp-allocator-block-size=2097152"
    "memorysetup-job-temp-allocator-block-size-background=1048576"
    "memorysetup-job-temp-allocator-reduction-small-platforms=262144"
    "memorysetup-temp-allocator-size-background-worker=32768"
    "memorysetup-temp-allocator-size-job-worker=262144"
    "memorysetup-temp-allocator-size-preload-manager=33554432"
    "memorysetup-temp-allocator-size-nav-mesh-worker=65536"
    "memorysetup-temp-allocator-size-audio-worker=65536"
    "memorysetup-temp-allocator-size-cloud-worker=32768"
    "memorysetup-temp-allocator-size-gi-baking-worker=262144"
    "memorysetup-temp-allocator-size-gfx=262144"
Refreshing native plugins compatible for Editor in 111.40 ms, found 4 plugins.
Preloading 0 native plugins for Editor in 0.00 ms.
Initialize engine version: 2021.3.1f1 (3b70a0754835)
[Subsystems] Discovering subsystems at path D:/unity data/2021.3.1f1/Editor/Data/Resources/UnitySubsystems
[Subsystems] Discovering subsystems at path D:/unity place/Unity-2d-game/2D RUN game/Assets
GfxDevice: creating device client; threaded=0; jobified=0
Direct3D:
    Version:  Direct3D 11.0 [level 11.1]
    Renderer: NVIDIA GeForce GTX 1080 (ID=0x1ba0)
    Vendor:   NVIDIA
    VRAM:     7988 MB
    Driver:   30.0.14.7284
Initialize mono
Mono path[0] = 'D:/unity data/2021.3.1f1/Editor/Data/Managed'
Mono path[1] = 'D:/unity data/2021.3.1f1/Editor/Data/MonoBleedingEdge/lib/mono/unityjit-win32'
Mono config path = 'D:/unity data/2021.3.1f1/Editor/Data/MonoBleedingEdge/etc'
Using monoOptions --debugger-agent=transport=dt_socket,embedding=1,server=y,suspend=n,address=127.0.0.1:56920
Begin MonoManager ReloadAssembly
Registering precompiled unity dll's ...
Register platform support module: D:/unity data/2021.3.1f1/Editor/Data/PlaybackEngines/WebGLSupport/UnityEditor.WebGL.Extensions.dll
Register platform support module: D:/unity data/2021.3.1f1/Editor/Data/PlaybackEngines/WindowsStandaloneSupport/UnityEditor.WindowsStandalone.Extensions.dll
Registered in 0.004840 seconds.
Native extension for WindowsStandalone target not found
Native extension for WebGL target not found
Refreshing native plugins compatible for Editor in 108.95 ms, found 4 plugins.
Preloading 0 native plugins for Editor in 0.00 ms.
Mono: successfully reloaded assembly
- Completed reload, in  0.794 seconds
Domain Reload Profiling:
	ReloadAssembly (795ms)
		BeginReloadAssembly (89ms)
			ExecutionOrderSort (0ms)
			DisableScriptedObjects (0ms)
			BackupInstance (0ms)
			ReleaseScriptingObjects (0ms)
			CreateAndSetChildDomain (1ms)
		EndReloadAssembly (576ms)
			LoadAssemblies (88ms)
			RebuildTransferFunctionScriptingTraits (0ms)
			SetupTypeCache (143ms)
			ReleaseScriptCaches (0ms)
			RebuildScriptCaches (40ms)
			SetupLoadedEditorAssemblies (332ms)
				LogAssemblyErrors (0ms)
				InitializePlatformSupportModulesInManaged (10ms)
				SetLoadedEditorAssemblies (0ms)
				RefreshPlugins (109ms)
				BeforeProcessingInitializeOnLoad (2ms)
				ProcessInitializeOnLoadAttributes (150ms)
				ProcessInitializeOnLoadMethodAttributes (61ms)
				AfterProcessingInitializeOnLoad (0ms)
				EditorAssembliesLoaded (0ms)
			ExecutionOrderSort2 (0ms)
			AwakeInstancesAfterBackupRestoration (0ms)
Platform modules already initialized, skipping
Registering precompiled user dll's ...
Registered in 0.007131 seconds.
Begin MonoManager ReloadAssembly
Native extension for WindowsStandalone target not found
Native extension for WebGL target not found
Refreshing native plugins compatible for Editor in 108.48 ms, found 4 plugins.
Preloading 0 native plugins for Editor in 0.00 ms.
Mono: successfully reloaded assembly
- Completed reload, in  1.470 seconds
Domain Reload Profiling:
	ReloadAssembly (1471ms)
		BeginReloadAssembly (148ms)
			ExecutionOrderSort (0ms)
			DisableScriptedObjects (7ms)
			BackupInstance (0ms)
			ReleaseScriptingObjects (0ms)
			CreateAndSetChildDomain (25ms)
		EndReloadAssembly (1165ms)
			LoadAssemblies (111ms)
			RebuildTransferFunctionScriptingTraits (0ms)
			SetupTypeCache (308ms)
			ReleaseScriptCaches (1ms)
			RebuildScriptCaches (86ms)
			SetupLoadedEditorAssemblies (593ms)
				LogAssemblyErrors (0ms)
				InitializePlatformSupportModulesInManaged (6ms)
				SetLoadedEditorAssemblies (0ms)
				RefreshPlugins (109ms)
				BeforeProcessingInitializeOnLoad (120ms)
				ProcessInitializeOnLoadAttributes (304ms)
				ProcessInitializeOnLoadMethodAttributes (50ms)
				AfterProcessingInitializeOnLoad (4ms)
				EditorAssembliesLoaded (0ms)
			ExecutionOrderSort2 (0ms)
			AwakeInstancesAfterBackupRestoration (9ms)
Platform modules already initialized, skipping
========================================================================
Worker process is ready to serve import requests
Launched and connected shader compiler UnityShaderCompiler.exe after 0.10 seconds
Refreshing native plugins compatible for Editor in 0.79 ms, found 4 plugins.
Preloading 0 native plugins for Editor in 0.00 ms.
Unloading 3913 Unused Serialized files (Serialized files now loaded: 0)
Unloading 34 unused Assets / (55.6 KB). Loaded Objects now: 4373.
Memory consumption went from 147.0 MB to 147.0 MB.
Total: 4.017900 ms (FindLiveObjects: 0.353200 ms CreateObjectMapping: 0.302700 ms MarkObjects: 3.283100 ms  DeleteObjects: 0.077900 ms)

AssetImportParameters requested are different than current active one (requested -> active):
  custom:video-decoder-ogg-theora: a1e56fd34408186e4bbccfd4996cb3dc -> 
  custom:container-muxer-webm: aa71ff27fc2769a1b78a27578f13a17b -> 
  custom:container-demuxer-webm: 4f35f7cbe854078d1ac9338744f61a02 -> 
  custom:video-encoder-webm-vp8: eb34c28f22e8b96e1ab97ce403110664 -> 
  custom:audio-encoder-webm-vorbis: bf7c407c2cedff20999df2af8eb42d56 -> 
  custom:framework-win-MediaFoundation: 216162199b28c13a410421893ffa2e32 -> 
  custom:container-demuxer-ogg: 62fdf1f143b41e24485cea50d1cbac27 -> 
  custom:video-decoder-webm-vp8: 9c59270c3fd7afecdb556c50c9e8de78 -> 
  custom:audio-decoder-ogg-vorbis: bf7c407c2cedff20999df2af8eb42d56 -> 
========================================================================
Received Import Request.
  Time since last request: 329223.063156 seconds.
  path: Assets/調整比例過/裝飾素材/看板_8.prefab
  artifactKey: Guid(e819e539f67deb6409cd81e88e79ba5b) Importer(815301076,1909f56bfc062723c751e8b465ee728b)
Start importing Assets/調整比例過/裝飾素材/看板_8.prefab using Guid(e819e539f67deb6409cd81e88e79ba5b) Importer(815301076,1909f56bfc062723c751e8b465ee728b)  -> (artifact id: '60cc2dc92b4a8919c906b4de85417dd7') in 0.202558 seconds 
========================================================================
Received Import Request.
  Time since last request: 0.021828 seconds.
  path: Assets/調整比例過/裝飾素材/看板_0.prefab
  artifactKey: Guid(cc10d36b44adeb843a94d2c9bd9d5581) Importer(815301076,1909f56bfc062723c751e8b465ee728b)
Start importing Assets/調整比例過/裝飾素材/看板_0.prefab using Guid(cc10d36b44adeb843a94d2c9bd9d5581) Importer(815301076,1909f56bfc062723c751e8b465ee728b)  -> (artifact id: 'c020d296d66374736a6d291937e74101') in 0.030205 seconds 
========================================================================
Received Import Request.
  Time since last request: 0.000025 seconds.
  path: Assets/調整比例過/裝飾素材/看板_3.prefab
  artifactKey: Guid(ee9f5cf9bda2e0b458c7f513c1ada47f) Importer(815301076,1909f56bfc062723c751e8b465ee728b)
Start importing Assets/調整比例過/裝飾素材/看板_3.prefab using Guid(ee9f5cf9bda2e0b458c7f513c1ada47f) Importer(815301076,1909f56bfc062723c751e8b465ee728b)  -> (artifact id: '0d5312b86500c559fa15260e2f9567d2') in 0.034634 seconds 
========================================================================
Received Import Request.
  Time since last request: 0.000024 seconds.
  path: Assets/調整比例過/裝飾素材/特殊物件_5.prefab
  artifactKey: Guid(6d14be680ba714e4fa75c024c3d2a51c) Importer(815301076,1909f56bfc062723c751e8b465ee728b)
Start importing Assets/調整比例過/裝飾素材/特殊物件_5.prefab using Guid(6d14be680ba714e4fa75c024c3d2a51c) Importer(815301076,1909f56bfc062723c751e8b465ee728b)  -> (artifact id: '8be1a5866fb466b94511ce6ff5bfa8a8') in 0.058229 seconds 
========================================================================
Received Import Request.
  Time since last request: 0.000038 seconds.
  path: Assets/調整比例過/裝飾素材/特殊物件_9.prefab
  artifactKey: Guid(804637dcf8e12fa40afee4b7d6928340) Importer(815301076,1909f56bfc062723c751e8b465ee728b)
Start importing Assets/調整比例過/裝飾素材/特殊物件_9.prefab using Guid(804637dcf8e12fa40afee4b7d6928340) Importer(815301076,1909f56bfc062723c751e8b465ee728b)  -> (artifact id: '7df39824ec640ce16ec4ca45f51e3f24') in 0.038867 seconds 
========================================================================
Received Import Request.
  Time since last request: 0.244062 seconds.
  path: Assets/調整比例過/裝飾素材/燈_30.prefab
  artifactKey: Guid(89a938b74fc9ea94891e53d8d05b4878) Importer(815301076,1909f56bfc062723c751e8b465ee728b)
Start importing Assets/調整比例過/裝飾素材/燈_30.prefab using Guid(89a938b74fc9ea94891e53d8d05b4878) Importer(815301076,1909f56bfc062723c751e8b465ee728b)  -> (artifact id: '33b9f998b96cef34cdb28d7521ab21bd') in 0.040534 seconds 
========================================================================
Received Import Request.
  Time since last request: 0.000029 seconds.
  path: Assets/調整比例過/裝飾素材/特殊物件_2.prefab
  artifactKey: Guid(f7b5155a41d049e4abb32f5a90394150) Importer(815301076,1909f56bfc062723c751e8b465ee728b)
Start importing Assets/調整比例過/裝飾素材/特殊物件_2.prefab using Guid(f7b5155a41d049e4abb32f5a90394150) Importer(815301076,1909f56bfc062723c751e8b465ee728b)  -> (artifact id: '9541c661c8f3367ee7c7c9bbe8375896') in 0.029382 seconds 
========================================================================
Received Import Request.
  Time since last request: 0.000033 seconds.
  path: Assets/調整比例過/裝飾素材/燈_24.prefab
  artifactKey: Guid(60f16da8d0ff1eb49bafc3cdb6ac4bfd) Importer(815301076,1909f56bfc062723c751e8b465ee728b)
Start importing Assets/調整比例過/裝飾素材/燈_24.prefab using Guid(60f16da8d0ff1eb49bafc3cdb6ac4bfd) Importer(815301076,1909f56bfc062723c751e8b465ee728b)  -> (artifact id: '5e0b9a639405ff614b8e225d6736f129') in 0.027949 seconds 
========================================================================
Received Import Request.
  Time since last request: 0.000018 seconds.
  path: Assets/調整比例過/裝飾素材/燈_22.prefab
  artifactKey: Guid(809c59f75a6cf82408258af668e6a2b3) Importer(815301076,1909f56bfc062723c751e8b465ee728b)
Start importing Assets/調整比例過/裝飾素材/燈_22.prefab using Guid(809c59f75a6cf82408258af668e6a2b3) Importer(815301076,1909f56bfc062723c751e8b465ee728b)  -> (artifact id: 'f26daedb2a72c7dbc752b23abff23155') in 0.027727 seconds 
========================================================================
Received Import Request.
  Time since last request: 0.000031 seconds.
  path: Assets/調整比例過/裝飾素材/燈_28.prefab
  artifactKey: Guid(68c714c862d953740920c46a83d99d04) Importer(815301076,1909f56bfc062723c751e8b465ee728b)
Start importing Assets/調整比例過/裝飾素材/燈_28.prefab using Guid(68c714c862d953740920c46a83d99d04) Importer(815301076,1909f56bfc062723c751e8b465ee728b)  -> (artifact id: '356e8c7d847db9774f362d9915ec4951') in 0.026898 seconds 
========================================================================
Received Import Request.
  Time since last request: 0.000037 seconds.
  path: Assets/調整比例過/裝飾素材/燈_25.prefab
  artifactKey: Guid(d4ed1bd4940eb174ca83e7330ef34a83) Importer(815301076,1909f56bfc062723c751e8b465ee728b)
Start importing Assets/調整比例過/裝飾素材/燈_25.prefab using Guid(d4ed1bd4940eb174ca83e7330ef34a83) Importer(815301076,1909f56bfc062723c751e8b465ee728b)  -> (artifact id: '7d43316cd9b6adb06dac5561940c89ce') in 0.022994 seconds 
========================================================================
Received Import Request.
  Time since last request: 0.030708 seconds.
  path: Assets/調整比例過/裝飾素材/燈_14.prefab
  artifactKey: Guid(a1e0091d4e01182448a0d5f89a470fbc) Importer(815301076,1909f56bfc062723c751e8b465ee728b)
Start importing Assets/調整比例過/裝飾素材/燈_14.prefab using Guid(a1e0091d4e01182448a0d5f89a470fbc) Importer(815301076,1909f56bfc062723c751e8b465ee728b)  -> (artifact id: '34461a0e297dbce3ccf4bb3710237490') in 0.029344 seconds 
========================================================================
Received Import Request.
  Time since last request: 0.000039 seconds.
  path: Assets/調整比例過/裝飾素材/燈_12.prefab
  artifactKey: Guid(bba69d455342f7b4fa92a3c4b37b4f98) Importer(815301076,1909f56bfc062723c751e8b465ee728b)
Start importing Assets/調整比例過/裝飾素材/燈_12.prefab using Guid(bba69d455342f7b4fa92a3c4b37b4f98) Importer(815301076,1909f56bfc062723c751e8b465ee728b)  -> (artifact id: '8aea7a5d02daf7dae975a91a0fcc0560') in 0.029933 seconds 
========================================================================
Received Import Request.
  Time since last request: 0.000021 seconds.
  path: Assets/調整比例過/裝飾素材/燈_17.prefab
  artifactKey: Guid(0094dfd1f5f05c24a834de24815ec37b) Importer(815301076,1909f56bfc062723c751e8b465ee728b)
Start importing Assets/調整比例過/裝飾素材/燈_17.prefab using Guid(0094dfd1f5f05c24a834de24815ec37b) Importer(815301076,1909f56bfc062723c751e8b465ee728b)  -> (artifact id: '5d9ed699179fb7f4881cebbf3a3c90bb') in 0.025772 seconds 
========================================================================
Received Import Request.
  Time since last request: 0.613049 seconds.
  path: Assets/調整比例過/裝飾素材/燈_6.prefab
  artifactKey: Guid(8e2a30097c1138b49998cd7fc9eea44f) Importer(815301076,1909f56bfc062723c751e8b465ee728b)
Start importing Assets/調整比例過/裝飾素材/燈_6.prefab using Guid(8e2a30097c1138b49998cd7fc9eea44f) Importer(815301076,1909f56bfc062723c751e8b465ee728b)  -> (artifact id: '3d3045fed43ea58ff3ec701cc626b0c0') in 0.124739 seconds 
========================================================================
Received Import Request.
  Time since last request: 0.000038 seconds.
  path: Assets/調整比例過/裝飾素材/水管_7.prefab
  artifactKey: Guid(df288f5bbfd02554c99f3b3d9a2e2155) Importer(815301076,1909f56bfc062723c751e8b465ee728b)
Start importing Assets/調整比例過/裝飾素材/水管_7.prefab using Guid(df288f5bbfd02554c99f3b3d9a2e2155) Importer(815301076,1909f56bfc062723c751e8b465ee728b)  -> (artifact id: '78fe9c47d1229a7794544bc7e8889a20') in 0.027426 seconds 
========================================================================
Received Import Request.
  Time since last request: 0.000036 seconds.
  path: Assets/調整比例過/裝飾素材/水管_10.prefab
  artifactKey: Guid(54148207da2ba5744bc64bc873403987) Importer(815301076,1909f56bfc062723c751e8b465ee728b)
Start importing Assets/調整比例過/裝飾素材/水管_10.prefab using Guid(54148207da2ba5744bc64bc873403987) Importer(815301076,1909f56bfc062723c751e8b465ee728b)  -> (artifact id: '119fb059bd06b899114ff87d3b78e807') in 0.029061 seconds 
========================================================================
Received Import Request.
  Time since last request: 0.000030 seconds.
  path: Assets/調整比例過/裝飾素材/屋頂部件_4.prefab
  artifactKey: Guid(071729b1f91e6594998b2f104a27f5fa) Importer(815301076,1909f56bfc062723c751e8b465ee728b)
Start importing Assets/調整比例過/裝飾素材/屋頂部件_4.prefab using Guid(071729b1f91e6594998b2f104a27f5fa) Importer(815301076,1909f56bfc062723c751e8b465ee728b)  -> (artifact id: '9e228d7a3403c3b5d856b974368e9d74') in 0.029706 seconds 
========================================================================
Received Import Request.
  Time since last request: 0.000040 seconds.
  path: Assets/調整比例過/裝飾素材/屋頂部件_0.prefab
  artifactKey: Guid(58dfce3909154344db69994d2732e8d2) Importer(815301076,1909f56bfc062723c751e8b465ee728b)
Start importing Assets/調整比例過/裝飾素材/屋頂部件_0.prefab using Guid(58dfce3909154344db69994d2732e8d2) Importer(815301076,1909f56bfc062723c751e8b465ee728b)  -> (artifact id: 'bae58dcc98e630c5967b3377e7cd74c7') in 0.030105 seconds 
========================================================================
Received Import Request.
  Time since last request: 0.000042 seconds.
  path: Assets/調整比例過/裝飾素材/水管_9.prefab
  artifactKey: Guid(dc01ab18cf78f9841985247b0d413682) Importer(815301076,1909f56bfc062723c751e8b465ee728b)
Start importing Assets/調整比例過/裝飾素材/水管_9.prefab using Guid(dc01ab18cf78f9841985247b0d413682) Importer(815301076,1909f56bfc062723c751e8b465ee728b)  -> (artifact id: '868f3d067f8d4cdd7e1ded075cb268fc') in 0.025568 seconds 
========================================================================
Received Import Request.
  Time since last request: 0.000031 seconds.
  path: Assets/調整比例過/裝飾素材/水管_8.prefab
  artifactKey: Guid(faab32ef01306164499a0436fb27b16f) Importer(815301076,1909f56bfc062723c751e8b465ee728b)
Start importing Assets/調整比例過/裝飾素材/水管_8.prefab using Guid(faab32ef01306164499a0436fb27b16f) Importer(815301076,1909f56bfc062723c751e8b465ee728b)  -> (artifact id: '55b0f2fe9548b6c4f6fc0a719f1ad42c') in 0.025557 seconds 
========================================================================
Received Import Request.
  Time since last request: 0.000045 seconds.
  path: Assets/調整比例過/裝飾素材/燈_5.prefab
  artifactKey: Guid(c25a8c51a09090741a861601a57dd9bf) Importer(815301076,1909f56bfc062723c751e8b465ee728b)
Start importing Assets/調整比例過/裝飾素材/燈_5.prefab using Guid(c25a8c51a09090741a861601a57dd9bf) Importer(815301076,1909f56bfc062723c751e8b465ee728b)  -> (artifact id: 'adbe9e1594f1af073d2dff9343a34218') in 0.026457 seconds 
========================================================================
Received Import Request.
  Time since last request: 0.000087 seconds.
  path: Assets/調整比例過/裝飾素材/屋頂部件_5.prefab
  artifactKey: Guid(daea14c81133d524c9147ffa1c5db758) Importer(815301076,1909f56bfc062723c751e8b465ee728b)
Start importing Assets/調整比例過/裝飾素材/屋頂部件_5.prefab using Guid(daea14c81133d524c9147ffa1c5db758) Importer(815301076,1909f56bfc062723c751e8b465ee728b)  -> (artifact id: 'fed38785dffdfd383d991f92bb182b4e') in 0.023762 seconds 
========================================================================
Received Import Request.
  Time since last request: 0.649644 seconds.
  path: Assets/調整比例過/裝飾素材/窗戶_13.prefab
  artifactKey: Guid(8cec46637a6476c4bbb53ca0cf15c89e) Importer(815301076,1909f56bfc062723c751e8b465ee728b)
Start importing Assets/調整比例過/裝飾素材/窗戶_13.prefab using Guid(8cec46637a6476c4bbb53ca0cf15c89e) Importer(815301076,1909f56bfc062723c751e8b465ee728b)  -> (artifact id: '8e941625aeb266c709107b9841e74536') in 0.042107 seconds 
========================================================================
Received Import Request.
  Time since last request: 0.000053 seconds.
  path: Assets/調整比例過/裝飾素材/鷹架_6.prefab
  artifactKey: Guid(0053ff91971260143980b06afade433d) Importer(815301076,1909f56bfc062723c751e8b465ee728b)
Start importing Assets/調整比例過/裝飾素材/鷹架_6.prefab using Guid(0053ff91971260143980b06afade433d) Importer(815301076,1909f56bfc062723c751e8b465ee728b)  -> (artifact id: 'a083ea1a6ec27485bf61d3ab486ef3f5') in 0.027887 seconds 
========================================================================
Received Import Request.
  Time since last request: 0.000027 seconds.
  path: Assets/調整比例過/裝飾素材/鷹架_2.prefab
  artifactKey: Guid(b6ba878e08d8385408861540173e6ceb) Importer(815301076,1909f56bfc062723c751e8b465ee728b)
Start importing Assets/調整比例過/裝飾素材/鷹架_2.prefab using Guid(b6ba878e08d8385408861540173e6ceb) Importer(815301076,1909f56bfc062723c751e8b465ee728b)  -> (artifact id: 'a20be146b7a18e59d148d29ada91fcb1') in 0.027234 seconds 
========================================================================
Received Import Request.
  Time since last request: 0.000030 seconds.
  path: Assets/調整比例過/裝飾素材/鷹架_13.prefab
  artifactKey: Guid(45f6db3fb9e70c14eb66550b4431ff10) Importer(815301076,1909f56bfc062723c751e8b465ee728b)
Start importing Assets/調整比例過/裝飾素材/鷹架_13.prefab using Guid(45f6db3fb9e70c14eb66550b4431ff10) Importer(815301076,1909f56bfc062723c751e8b465ee728b)  -> (artifact id: '4dd6c27e37a1abc93135ace2ee42545d') in 0.027700 seconds 
========================================================================
Received Import Request.
  Time since last request: 0.000033 seconds.
  path: Assets/調整比例過/裝飾素材/通風口_3.prefab
  artifactKey: Guid(117f5cc5937994642a656a6f7cc99e97) Importer(815301076,1909f56bfc062723c751e8b465ee728b)
Start importing Assets/調整比例過/裝飾素材/通風口_3.prefab using Guid(117f5cc5937994642a656a6f7cc99e97) Importer(815301076,1909f56bfc062723c751e8b465ee728b)  -> (artifact id: '872c26dca9216452eeb3ce90d645275c') in 0.026233 seconds 
========================================================================
Received Import Request.
  Time since last request: 0.000026 seconds.
  path: Assets/調整比例過/裝飾素材/鷹架_15.prefab
  artifactKey: Guid(a45f2c13e66f8504ba11fb199f466280) Importer(815301076,1909f56bfc062723c751e8b465ee728b)
Start importing Assets/調整比例過/裝飾素材/鷹架_15.prefab using Guid(a45f2c13e66f8504ba11fb199f466280) Importer(815301076,1909f56bfc062723c751e8b465ee728b)  -> (artifact id: '872f9ca564a96e484cbc8e04180a30f9') in 0.024648 seconds 
========================================================================
Received Import Request.
  Time since last request: 0.000037 seconds.
  path: Assets/調整比例過/裝飾素材/鷹架_0.prefab
  artifactKey: Guid(d65e7657bd6375240921e3fc351c97d8) Importer(815301076,1909f56bfc062723c751e8b465ee728b)
Start importing Assets/調整比例過/裝飾素材/鷹架_0.prefab using Guid(d65e7657bd6375240921e3fc351c97d8) Importer(815301076,1909f56bfc062723c751e8b465ee728b)  -> (artifact id: 'c0b432e95c8d16fdefe679ee24ab99df') in 0.094228 seconds 
========================================================================
Received Import Request.
  Time since last request: 20.400209 seconds.
  path: Assets/調整比例過/裝飾素材/帷幕
  artifactKey: Guid(de888373ea37b964a85e49b729697edf) Importer(815301076,1909f56bfc062723c751e8b465ee728b)
Start importing Assets/調整比例過/裝飾素材/帷幕 using Guid(de888373ea37b964a85e49b729697edf) Importer(815301076,1909f56bfc062723c751e8b465ee728b)  -> (artifact id: '765d6f0b0a6fd7b87c9111c9633d3579') in 0.002976 seconds 
========================================================================
Received Import Request.
  Time since last request: 11.757778 seconds.
  path: Assets/調整比例過/裝飾素材/水管
  artifactKey: Guid(10461e219af25aa42a3661fa3f9c20d4) Importer(815301076,1909f56bfc062723c751e8b465ee728b)
Start importing Assets/調整比例過/裝飾素材/水管 using Guid(10461e219af25aa42a3661fa3f9c20d4) Importer(815301076,1909f56bfc062723c751e8b465ee728b)  -> (artifact id: '1c652f865bce5b0aa8072126fe7c90ef') in 0.008452 seconds 
========================================================================
Received Import Request.
  Time since last request: 11.820325 seconds.
  path: Assets/調整比例過/裝飾素材/水管/New Folder
  artifactKey: Guid(417edddce1fe0a649891ad7b023806c8) Importer(815301076,1909f56bfc062723c751e8b465ee728b)
Start importing Assets/調整比例過/裝飾素材/水管/New Folder using Guid(417edddce1fe0a649891ad7b023806c8) Importer(815301076,1909f56bfc062723c751e8b465ee728b)  -> (artifact id: '30a32879e38b1042b3dea5f2ef2eaf35') in 0.007348 seconds 
========================================================================
Received Import Request.
  Time since last request: 15.831935 seconds.
  path: Assets/調整比例過/裝飾素材/燈
  artifactKey: Guid(774581e472dea6243982b89b62b4d626) Importer(815301076,1909f56bfc062723c751e8b465ee728b)
Start importing Assets/調整比例過/裝飾素材/燈 using Guid(774581e472dea6243982b89b62b4d626) Importer(815301076,1909f56bfc062723c751e8b465ee728b)  -> (artifact id: 'b5afb808cb6791a072fa3fb41276822b') in 0.002611 seconds 
========================================================================
Received Import Request.
  Time since last request: 20.332291 seconds.
  path: Assets/調整比例過/裝飾素材/特殊物件
  artifactKey: Guid(6b1f02a7c29548a47a519c00b539aba5) Importer(815301076,1909f56bfc062723c751e8b465ee728b)
Start importing Assets/調整比例過/裝飾素材/特殊物件 using Guid(6b1f02a7c29548a47a519c00b539aba5) Importer(815301076,1909f56bfc062723c751e8b465ee728b)  -> (artifact id: 'bea2323d14752e512069b257d7d0640c') in 0.007165 seconds 
========================================================================
Received Import Request.
  Time since last request: 22.064868 seconds.
  path: Assets/調整比例過/裝飾素材/看板
  artifactKey: Guid(dd159a337c96bd8408910381a8ccac1e) Importer(815301076,1909f56bfc062723c751e8b465ee728b)
Start importing Assets/調整比例過/裝飾素材/看板 using Guid(dd159a337c96bd8408910381a8ccac1e) Importer(815301076,1909f56bfc062723c751e8b465ee728b)  -> (artifact id: '80ed5feed0c68f5af19e32a34e951f2c') in 0.003133 seconds 
========================================================================
Received Import Request.
  Time since last request: 15.331174 seconds.
  path: Assets/調整比例過/裝飾素材/窗戶
  artifactKey: Guid(577fae6955b01784b87bcaf6617b4e59) Importer(815301076,1909f56bfc062723c751e8b465ee728b)
Start importing Assets/調整比例過/裝飾素材/窗戶 using Guid(577fae6955b01784b87bcaf6617b4e59) Importer(815301076,1909f56bfc062723c751e8b465ee728b)  -> (artifact id: '0f5adaf653d18bf532769f5f2278d2f4') in 0.008197 seconds 
========================================================================
Received Import Request.
  Time since last request: 10.230484 seconds.
  path: Assets/調整比例過/裝飾素材/窗戶/W
  artifactKey: Guid(e834c95ab398c9d48b8d4c59513a27a1) Importer(815301076,1909f56bfc062723c751e8b465ee728b)
Start importing Assets/調整比例過/裝飾素材/窗戶/W using Guid(e834c95ab398c9d48b8d4c59513a27a1) Importer(815301076,1909f56bfc062723c751e8b465ee728b)  -> (artifact id: '1b793fd0e6a708e45db0cd01d8a228d8') in 0.007413 seconds 
========================================================================
Received Import Request.
  Time since last request: 10.451313 seconds.
  path: Assets/調整比例過/裝飾素材/窗戶/New Folder
  artifactKey: Guid(47cef54902d6ba7428616711adba4825) Importer(815301076,1909f56bfc062723c751e8b465ee728b)
Start importing Assets/調整比例過/裝飾素材/窗戶/New Folder using Guid(47cef54902d6ba7428616711adba4825) Importer(815301076,1909f56bfc062723c751e8b465ee728b)  -> (artifact id: 'ce68136f58b8a72c736396553bc36598') in 0.003041 seconds 
========================================================================
Received Import Request.
  Time since last request: 8.223173 seconds.
  path: Assets/調整比例過/裝飾素材/通風口
  artifactKey: Guid(a0c361b0e1318b841bbcf0d3221c6218) Importer(815301076,1909f56bfc062723c751e8b465ee728b)
Start importing Assets/調整比例過/裝飾素材/通風口 using Guid(a0c361b0e1318b841bbcf0d3221c6218) Importer(815301076,1909f56bfc062723c751e8b465ee728b)  -> (artifact id: '24309b102e6080bac49bbbefff814386') in 0.008315 seconds 
========================================================================
Received Import Request.
  Time since last request: 18.982489 seconds.
  path: Assets/調整比例過/裝飾素材/鷹架
  artifactKey: Guid(129315d52e7de1c4381adad837807a87) Importer(815301076,1909f56bfc062723c751e8b465ee728b)
Start importing Assets/調整比例過/裝飾素材/鷹架 using Guid(129315d52e7de1c4381adad837807a87) Importer(815301076,1909f56bfc062723c751e8b465ee728b)  -> (artifact id: '8fcd207186afe23a765fc80a040056b9') in 0.003329 seconds 
========================================================================
Received Import Request.
  Time since last request: 50.882337 seconds.
  path: Assets/調整比例過/建築基底
  artifactKey: Guid(475ab899f0e573442bf32559d7a8a91e) Importer(815301076,1909f56bfc062723c751e8b465ee728b)
Start importing Assets/調整比例過/建築基底 using Guid(475ab899f0e573442bf32559d7a8a91e) Importer(815301076,1909f56bfc062723c751e8b465ee728b)  -> (artifact id: '3694170614c9eade5240809fa00f8c4d') in 0.007834 seconds 
========================================================================
Received Import Request.
  Time since last request: 73.871073 seconds.
  path: Assets/調整比例過/建築基底/商業大樓2_0.prefab
  artifactKey: Guid(55c1a1eeb5510d24bbd1b39076b84aca) Importer(815301076,1909f56bfc062723c751e8b465ee728b)
Start importing Assets/調整比例過/建築基底/商業大樓2_0.prefab using Guid(55c1a1eeb5510d24bbd1b39076b84aca) Importer(815301076,1909f56bfc062723c751e8b465ee728b)  -> (artifact id: 'db740dd07ef01d940ead4f7d0471a44f') in 0.049159 seconds 
========================================================================
Received Import Request.
  Time since last request: 0.000046 seconds.
  path: Assets/調整比例過/建築基底/大型住宅_1.prefab
  artifactKey: Guid(534851bac067b4b47ad331b8d4d4b604) Importer(815301076,1909f56bfc062723c751e8b465ee728b)
Start importing Assets/調整比例過/建築基底/大型住宅_1.prefab using Guid(534851bac067b4b47ad331b8d4d4b604) Importer(815301076,1909f56bfc062723c751e8b465ee728b)  -> (artifact id: '98c9dfc30a7121fd649263970d5ec904') in 0.032708 seconds 
========================================================================
Received Import Request.
  Time since last request: 0.000042 seconds.
  path: Assets/調整比例過/建築基底/大型住宅_0.prefab
  artifactKey: Guid(eede0827db4048043831e8f87e4cb30d) Importer(815301076,1909f56bfc062723c751e8b465ee728b)
Start importing Assets/調整比例過/建築基底/大型住宅_0.prefab using Guid(eede0827db4048043831e8f87e4cb30d) Importer(815301076,1909f56bfc062723c751e8b465ee728b)  -> (artifact id: 'b31685592d03eb74e186c115ced1ad80') in 0.025898 seconds 
========================================================================
Received Import Request.
  Time since last request: 0.000493 seconds.
  path: Assets/調整比例過/建築基底/辦公類建築_0.prefab
  artifactKey: Guid(d4a9ad364f776a643bbb32504694c3ab) Importer(815301076,1909f56bfc062723c751e8b465ee728b)
Start importing Assets/調整比例過/建築基底/辦公類建築_0.prefab using Guid(d4a9ad364f776a643bbb32504694c3ab) Importer(815301076,1909f56bfc062723c751e8b465ee728b)  -> (artifact id: 'a3905790afc48e22b1e0e8ebe0cf2483') in 0.023797 seconds 
========================================================================
Received Import Request.
  Time since last request: 0.000034 seconds.
  path: Assets/調整比例過/建築基底/建築 基本素材_3.prefab
  artifactKey: Guid(2d584ff86f6f0b0489e0b59835912082) Importer(815301076,1909f56bfc062723c751e8b465ee728b)
Start importing Assets/調整比例過/建築基底/建築 基本素材_3.prefab using Guid(2d584ff86f6f0b0489e0b59835912082) Importer(815301076,1909f56bfc062723c751e8b465ee728b)  -> (artifact id: '58cafebd516c51ef6409164208e8002f') in 0.025330 seconds 
========================================================================
Received Import Request.
  Time since last request: 0.000027 seconds.
  path: Assets/調整比例過/建築基底/建築 基本素材_1.prefab
  artifactKey: Guid(665c6426ef7492c4e963a512ea97a757) Importer(815301076,1909f56bfc062723c751e8b465ee728b)
Start importing Assets/調整比例過/建築基底/建築 基本素材_1.prefab using Guid(665c6426ef7492c4e963a512ea97a757) Importer(815301076,1909f56bfc062723c751e8b465ee728b)  -> (artifact id: '11e6e1930b47e6f71f7691fcfd2c784c') in 0.024291 seconds 
========================================================================
Received Import Request.
  Time since last request: 0.000023 seconds.
  path: Assets/調整比例過/建築基底/建築 基本素材_0.prefab
  artifactKey: Guid(e40a195fd3803a34483ad52a7c01f563) Importer(815301076,1909f56bfc062723c751e8b465ee728b)
Start importing Assets/調整比例過/建築基底/建築 基本素材_0.prefab using Guid(e40a195fd3803a34483ad52a7c01f563) Importer(815301076,1909f56bfc062723c751e8b465ee728b)  -> (artifact id: '0c22bc349f54c49b5371950409c1c701') in 0.022961 seconds 
Editor requested this worker to shutdown with reason: Scaling down because of idle timeout
AssetImportWorker is now disconnected from the server
Process exiting
Exiting without the bug reporter. Application will terminate with return code 0