Using pre-set license
Built from '2021.3/staging' branch; Version is '2021.3.1f1 (3b70a0754835) revision 3895456'; Using compiler version '192829333'; Build Type 'Release'
OS: 'Windows 10  (10.0.19042) 64bit Professional' Language: 'zh' Physical Memory: 32725 MB
BatchMode: 1, IsHumanControllingUs: 0, StartBugReporterOnCrash: 0, Is64bit: 1, IsPro: 1

COMMAND LINE ARGUMENTS:
D:\unity data\2021.3.1f1\Editor\Unity.exe
-adb2
-batchMode
-noUpm
-name
AssetImportWorker2
-projectPath
D:/unity place/Unity-2d-game/2D RUN game
-logFile
Logs/AssetImportWorker2.log
-srvPort
64578
Successfully changed project path to: D:/unity place/Unity-2d-game/2D RUN game
D:/unity place/Unity-2d-game/2D RUN game
[UnityMemory] Configuration Parameters - Can be set up in boot.config
    "memorysetup-bucket-allocator-granularity=16"
    "memorysetup-bucket-allocator-bucket-count=8"
    "memorysetup-bucket-allocator-block-size=33554432"
    "memorysetup-bucket-allocator-block-count=8"
    "memorysetup-main-allocator-block-size=16777216"
    "memorysetup-thread-allocator-block-size=16777216"
    "memorysetup-gfx-main-allocator-block-size=16777216"
    "memorysetup-gfx-thread-allocator-block-size=16777216"
    "memorysetup-cache-allocator-block-size=4194304"
    "memorysetup-typetree-allocator-block-size=2097152"
    "memorysetup-profiler-bucket-allocator-granularity=16"
    "memorysetup-profiler-bucket-allocator-bucket-count=8"
    "memorysetup-profiler-bucket-allocator-block-size=33554432"
    "memorysetup-profiler-bucket-allocator-block-count=8"
    "memorysetup-profiler-allocator-block-size=16777216"
    "memorysetup-profiler-editor-allocator-block-size=1048576"
    "memorysetup-temp-allocator-size-main=16777216"
    "memorysetup-job-temp-allocator-block-size=2097152"
    "memorysetup-job-temp-allocator-block-size-background=1048576"
    "memorysetup-job-temp-allocator-reduction-small-platforms=262144"
    "memorysetup-temp-allocator-size-background-worker=32768"
    "memorysetup-temp-allocator-size-job-worker=262144"
    "memorysetup-temp-allocator-size-preload-manager=33554432"
    "memorysetup-temp-allocator-size-nav-mesh-worker=65536"
    "memorysetup-temp-allocator-size-audio-worker=65536"
    "memorysetup-temp-allocator-size-cloud-worker=32768"
    "memorysetup-temp-allocator-size-gi-baking-worker=262144"
    "memorysetup-temp-allocator-size-gfx=262144"
Refreshing native plugins compatible for Editor in 118.59 ms, found 4 plugins.
Preloading 0 native plugins for Editor in 0.00 ms.
Initialize engine version: 2021.3.1f1 (3b70a0754835)
[Subsystems] Discovering subsystems at path D:/unity data/2021.3.1f1/Editor/Data/Resources/UnitySubsystems
[Subsystems] Discovering subsystems at path D:/unity place/Unity-2d-game/2D RUN game/Assets
GfxDevice: creating device client; threaded=0; jobified=0
Direct3D:
    Version:  Direct3D 11.0 [level 11.1]
    Renderer: NVIDIA GeForce GTX 1080 (ID=0x1ba0)
    Vendor:   NVIDIA
    VRAM:     7988 MB
    Driver:   30.0.14.7284
Initialize mono
Mono path[0] = 'D:/unity data/2021.3.1f1/Editor/Data/Managed'
Mono path[1] = 'D:/unity data/2021.3.1f1/Editor/Data/MonoBleedingEdge/lib/mono/unityjit-win32'
Mono config path = 'D:/unity data/2021.3.1f1/Editor/Data/MonoBleedingEdge/etc'
Using monoOptions --debugger-agent=transport=dt_socket,embedding=1,server=y,suspend=n,address=127.0.0.1:56440
Begin MonoManager ReloadAssembly
Registering precompiled unity dll's ...
Register platform support module: D:/unity data/2021.3.1f1/Editor/Data/PlaybackEngines/WebGLSupport/UnityEditor.WebGL.Extensions.dll
Register platform support module: D:/unity data/2021.3.1f1/Editor/Data/PlaybackEngines/WindowsStandaloneSupport/UnityEditor.WindowsStandalone.Extensions.dll
Registered in 0.003943 seconds.
Native extension for WindowsStandalone target not found
Native extension for WebGL target not found
Refreshing native plugins compatible for Editor in 110.21 ms, found 4 plugins.
Preloading 0 native plugins for Editor in 0.00 ms.
Mono: successfully reloaded assembly
- Completed reload, in  0.879 seconds
Domain Reload Profiling:
	ReloadAssembly (880ms)
		BeginReloadAssembly (90ms)
			ExecutionOrderSort (0ms)
			DisableScriptedObjects (0ms)
			BackupInstance (0ms)
			ReleaseScriptingObjects (0ms)
			CreateAndSetChildDomain (1ms)
		EndReloadAssembly (654ms)
			LoadAssemblies (90ms)
			RebuildTransferFunctionScriptingTraits (0ms)
			SetupTypeCache (142ms)
			ReleaseScriptCaches (0ms)
			RebuildScriptCaches (40ms)
			SetupLoadedEditorAssemblies (407ms)
				LogAssemblyErrors (0ms)
				InitializePlatformSupportModulesInManaged (10ms)
				SetLoadedEditorAssemblies (0ms)
				RefreshPlugins (110ms)
				BeforeProcessingInitializeOnLoad (1ms)
				ProcessInitializeOnLoadAttributes (199ms)
				ProcessInitializeOnLoadMethodAttributes (86ms)
				AfterProcessingInitializeOnLoad (0ms)
				EditorAssembliesLoaded (0ms)
			ExecutionOrderSort2 (0ms)
			AwakeInstancesAfterBackupRestoration (0ms)
Platform modules already initialized, skipping
Registering precompiled user dll's ...
Registered in 0.008654 seconds.
Begin MonoManager ReloadAssembly
Symbol file LoadedFromMemory doesn't match image D:\unity place\Unity-2d-game\2D RUN game\Library\PackageCache\com.unity.visualscripting@1.7.6\Editor\VisualScripting.Core\Dependencies\YamlDotNet\Unity.VisualScripting.YamlDotNet.dll
Symbol file LoadedFromMemory is not a mono symbol file
Symbol file LoadedFromMemory doesn't match image D:\unity place\Unity-2d-game\2D RUN game\Library\PackageCache\com.unity.visualscripting@1.7.6\Editor\VisualScripting.Core\Dependencies\DotNetZip\Unity.VisualScripting.IonicZip.dll
Native extension for WindowsStandalone target not found
Native extension for WebGL target not found
Refreshing native plugins compatible for Editor in 108.15 ms, found 4 plugins.
Preloading 0 native plugins for Editor in 0.00 ms.
Mono: successfully reloaded assembly
- Completed reload, in  1.409 seconds
Domain Reload Profiling:
	ReloadAssembly (1411ms)
		BeginReloadAssembly (143ms)
			ExecutionOrderSort (0ms)
			DisableScriptedObjects (10ms)
			BackupInstance (0ms)
			ReleaseScriptingObjects (0ms)
			CreateAndSetChildDomain (25ms)
		EndReloadAssembly (1126ms)
			LoadAssemblies (109ms)
			RebuildTransferFunctionScriptingTraits (0ms)
			SetupTypeCache (305ms)
			ReleaseScriptCaches (1ms)
			RebuildScriptCaches (79ms)
			SetupLoadedEditorAssemblies (568ms)
				LogAssemblyErrors (0ms)
				InitializePlatformSupportModulesInManaged (5ms)
				SetLoadedEditorAssemblies (0ms)
				RefreshPlugins (108ms)
				BeforeProcessingInitializeOnLoad (119ms)
				ProcessInitializeOnLoadAttributes (274ms)
				ProcessInitializeOnLoadMethodAttributes (58ms)
				AfterProcessingInitializeOnLoad (4ms)
				EditorAssembliesLoaded (0ms)
			ExecutionOrderSort2 (0ms)
			AwakeInstancesAfterBackupRestoration (9ms)
Platform modules already initialized, skipping
========================================================================
Worker process is ready to serve import requests
Launched and connected shader compiler UnityShaderCompiler.exe after 0.10 seconds
Refreshing native plugins compatible for Editor in 0.72 ms, found 4 plugins.
Preloading 0 native plugins for Editor in 0.00 ms.
Unloading 3913 Unused Serialized files (Serialized files now loaded: 0)
Unloading 34 unused Assets / (55.6 KB). Loaded Objects now: 4373.
Memory consumption went from 147.0 MB to 147.0 MB.
Total: 4.474300 ms (FindLiveObjects: 0.731800 ms CreateObjectMapping: 0.442600 ms MarkObjects: 3.198400 ms  DeleteObjects: 0.100400 ms)

AssetImportParameters requested are different than current active one (requested -> active):
  custom:video-decoder-ogg-theora: a1e56fd34408186e4bbccfd4996cb3dc -> 
  custom:container-muxer-webm: aa71ff27fc2769a1b78a27578f13a17b -> 
  custom:container-demuxer-webm: 4f35f7cbe854078d1ac9338744f61a02 -> 
  custom:video-encoder-webm-vp8: eb34c28f22e8b96e1ab97ce403110664 -> 
  custom:audio-encoder-webm-vorbis: bf7c407c2cedff20999df2af8eb42d56 -> 
  custom:framework-win-MediaFoundation: 216162199b28c13a410421893ffa2e32 -> 
  custom:container-demuxer-ogg: 62fdf1f143b41e24485cea50d1cbac27 -> 
  custom:video-decoder-webm-vp8: 9c59270c3fd7afecdb556c50c9e8de78 -> 
  custom:audio-decoder-ogg-vorbis: bf7c407c2cedff20999df2af8eb42d56 -> 
========================================================================
Received Import Request.
  Time since last request: 327053.164135 seconds.
  path: Assets/調整比例後素材/建築基本
  artifactKey: Guid(67565e79b4bca964784e20f20946b931) Importer(815301076,1909f56bfc062723c751e8b465ee728b)
Start importing Assets/調整比例後素材/建築基本 using Guid(67565e79b4bca964784e20f20946b931) Importer(815301076,1909f56bfc062723c751e8b465ee728b)  -> (artifact id: '546b1e4061d1c2d1f65f109430c14ff6') in 0.014736 seconds 
========================================================================
Received Import Request.
  Time since last request: 72.019697 seconds.
  path: Assets/調整比例後素材/商業大樓_0.prefab
  artifactKey: Guid(e366b40ef45aaae4fa9f1fc62498ac3e) Importer(815301076,1909f56bfc062723c751e8b465ee728b)
Start importing Assets/調整比例後素材/商業大樓_0.prefab using Guid(e366b40ef45aaae4fa9f1fc62498ac3e) Importer(815301076,1909f56bfc062723c751e8b465ee728b)  -> (artifact id: 'fa0d720062e35f927bf433f10d13ddee') in 0.205437 seconds 
========================================================================
Received Import Request.
  Time since last request: 5.838059 seconds.
  path: Assets/調整比例後素材/商業大樓_0.prefab
  artifactKey: Guid(e366b40ef45aaae4fa9f1fc62498ac3e) Importer(815301076,1909f56bfc062723c751e8b465ee728b)
Start importing Assets/調整比例後素材/商業大樓_0.prefab using Guid(e366b40ef45aaae4fa9f1fc62498ac3e) Importer(815301076,1909f56bfc062723c751e8b465ee728b) Tried select unknown importer for id '-2' '00000000000000000000000000000000'
 -> (artifact id: '9c3d8be2d11b5aa6839269f5da5e3f73') in 0.036757 seconds 
========================================================================
Received Import Request.
  Time since last request: 0.534693 seconds.
  path: Assets/調整比例後素材/商業大樓_0.prefab
  artifactKey: Guid(e366b40ef45aaae4fa9f1fc62498ac3e) Importer(815301076,1909f56bfc062723c751e8b465ee728b)
Start importing Assets/調整比例後素材/商業大樓_0.prefab using Guid(e366b40ef45aaae4fa9f1fc62498ac3e) Importer(815301076,1909f56bfc062723c751e8b465ee728b) Tried select unknown importer for id '-2' '00000000000000000000000000000000'
 -> (artifact id: '38b6708ff1dc4c27409f579b143bd36c') in 0.022173 seconds 
========================================================================
Received Import Request.
  Time since last request: 1.506316 seconds.
  path: Assets/調整比例後素材/商業大樓_0.prefab
  artifactKey: Guid(e366b40ef45aaae4fa9f1fc62498ac3e) Importer(815301076,1909f56bfc062723c751e8b465ee728b)
Start importing Assets/調整比例後素材/商業大樓_0.prefab using Guid(e366b40ef45aaae4fa9f1fc62498ac3e) Importer(815301076,1909f56bfc062723c751e8b465ee728b) Tried select unknown importer for id '-2' '00000000000000000000000000000000'
 -> (artifact id: 'd2d3b7ede6e386e483c8f6b4a1951b52') in 0.022382 seconds 
========================================================================
Received Import Request.
  Time since last request: 22.575329 seconds.
  path: Assets/調整比例後素材/建築基本/商業大樓2_0.prefab
  artifactKey: Guid(7da95d7c6656cba44818b339cf045b26) Importer(815301076,1909f56bfc062723c751e8b465ee728b)
Start importing Assets/調整比例後素材/建築基本/商業大樓2_0.prefab using Guid(7da95d7c6656cba44818b339cf045b26) Importer(815301076,1909f56bfc062723c751e8b465ee728b)  -> (artifact id: '20c2395ba53d4100e7f7510ee74ab35f') in 0.028827 seconds 
========================================================================
Received Import Request.
  Time since last request: 84.839770 seconds.
  path: Assets/調整比例後素材/裝飾素材/圍欄_0.prefab
  artifactKey: Guid(69757bdbbc8e44f4c8374ae5e780e2e8) Importer(815301076,1909f56bfc062723c751e8b465ee728b)
Start importing Assets/調整比例後素材/裝飾素材/圍欄_0.prefab using Guid(69757bdbbc8e44f4c8374ae5e780e2e8) Importer(815301076,1909f56bfc062723c751e8b465ee728b)  -> (artifact id: '6893e4ad432a2948c90dc7279d7025b6') in 0.048806 seconds 
========================================================================
Received Import Request.
  Time since last request: 0.000034 seconds.
  path: Assets/調整比例後素材/裝飾素材/圍欄_2.prefab
  artifactKey: Guid(d97a6acf77cee844fab9d840485fc7ce) Importer(815301076,1909f56bfc062723c751e8b465ee728b)
Start importing Assets/調整比例後素材/裝飾素材/圍欄_2.prefab using Guid(d97a6acf77cee844fab9d840485fc7ce) Importer(815301076,1909f56bfc062723c751e8b465ee728b)  -> (artifact id: 'e047edc402de22b30b3ca352a436d08d') in 0.025116 seconds 
