Using pre-set license
Built from '2021.3/staging' branch; Version is '2021.3.0f1 (6eacc8284459) revision 7253192'; Using compiler version '192829333'; Build Type 'Release'
OS: 'Windows 10  (10.0.18363) 64bit Professional' Language: 'zh' Physical Memory: 32584 MB
BatchMode: 1, IsHumanControllingUs: 0, StartBugReporterOnCrash: 0, Is64bit: 1, IsPro: 1

COMMAND LINE ARGUMENTS:
C:\Program Files\Unity\Hub\Editor\2021.3.0f1\Editor\Unity.exe
-adb2
-batchMode
-noUpm
-name
AssetImportWorker0
-projectPath
C:/Users/17G319S02/Desktop/Unity-2d-game/2D RUN game
-logFile
Logs/AssetImportWorker0.log
-srvPort
52653
Successfully changed project path to: C:/Users/17G319S02/Desktop/Unity-2d-game/2D RUN game
C:/Users/17G319S02/Desktop/Unity-2d-game/2D RUN game
[UnityMemory] Configuration Parameters - Can be set up in boot.config
    "memorysetup-bucket-allocator-granularity=16"
    "memorysetup-bucket-allocator-bucket-count=8"
    "memorysetup-bucket-allocator-block-size=33554432"
    "memorysetup-bucket-allocator-block-count=8"
    "memorysetup-main-allocator-block-size=16777216"
    "memorysetup-thread-allocator-block-size=16777216"
    "memorysetup-gfx-main-allocator-block-size=16777216"
    "memorysetup-gfx-thread-allocator-block-size=16777216"
    "memorysetup-cache-allocator-block-size=4194304"
    "memorysetup-typetree-allocator-block-size=2097152"
    "memorysetup-profiler-bucket-allocator-granularity=16"
    "memorysetup-profiler-bucket-allocator-bucket-count=8"
    "memorysetup-profiler-bucket-allocator-block-size=33554432"
    "memorysetup-profiler-bucket-allocator-block-count=8"
    "memorysetup-profiler-allocator-block-size=16777216"
    "memorysetup-profiler-editor-allocator-block-size=1048576"
    "memorysetup-temp-allocator-size-main=16777216"
    "memorysetup-job-temp-allocator-block-size=2097152"
    "memorysetup-job-temp-allocator-block-size-background=1048576"
    "memorysetup-job-temp-allocator-reduction-small-platforms=262144"
    "memorysetup-temp-allocator-size-background-worker=32768"
    "memorysetup-temp-allocator-size-job-worker=262144"
    "memorysetup-temp-allocator-size-preload-manager=33554432"
    "memorysetup-temp-allocator-size-nav-mesh-worker=65536"
    "memorysetup-temp-allocator-size-audio-worker=65536"
    "memorysetup-temp-allocator-size-cloud-worker=32768"
    "memorysetup-temp-allocator-size-gi-baking-worker=262144"
    "memorysetup-temp-allocator-size-gfx=262144"
Refreshing native plugins compatible for Editor in 83.15 ms, found 4 plugins.
Preloading 0 native plugins for Editor in 0.00 ms.
Initialize engine version: 2021.3.0f1 (6eacc8284459)
[Subsystems] Discovering subsystems at path C:/Program Files/Unity/Hub/Editor/2021.3.0f1/Editor/Data/Resources/UnitySubsystems
[Subsystems] Discovering subsystems at path C:/Users/17G319S02/Desktop/Unity-2d-game/2D RUN game/Assets
GfxDevice: creating device client; threaded=0; jobified=0
Direct3D:
    Version:  Direct3D 11.0 [level 11.1]
    Renderer: NVIDIA GeForce RTX 2070 Super with Max-Q Design (ID=0x1e91)
    Vendor:   NVIDIA
    VRAM:     8011 MB
    Driver:   26.21.14.4183
Initialize mono
Mono path[0] = 'C:/Program Files/Unity/Hub/Editor/2021.3.0f1/Editor/Data/Managed'
Mono path[1] = 'C:/Program Files/Unity/Hub/Editor/2021.3.0f1/Editor/Data/MonoBleedingEdge/lib/mono/unityjit-win32'
Mono config path = 'C:/Program Files/Unity/Hub/Editor/2021.3.0f1/Editor/Data/MonoBleedingEdge/etc'
Using monoOptions --debugger-agent=transport=dt_socket,embedding=1,server=y,suspend=n,address=127.0.0.1:56908
Begin MonoManager ReloadAssembly
Registering precompiled unity dll's ...
Register platform support module: C:/Program Files/Unity/Hub/Editor/2021.3.0f1/Editor/Data/PlaybackEngines/WebGLSupport/UnityEditor.WebGL.Extensions.dll
Register platform support module: C:/Program Files/Unity/Hub/Editor/2021.3.0f1/Editor/Data/PlaybackEngines/WindowsStandaloneSupport/UnityEditor.WindowsStandalone.Extensions.dll
Registered in 0.005325 seconds.
Native extension for WindowsStandalone target not found
Native extension for WebGL target not found
Refreshing native plugins compatible for Editor in 92.85 ms, found 4 plugins.
Preloading 0 native plugins for Editor in 0.00 ms.
Mono: successfully reloaded assembly
- Completed reload, in  0.614 seconds
Domain Reload Profiling:
	ReloadAssembly (614ms)
		BeginReloadAssembly (67ms)
			ExecutionOrderSort (0ms)
			DisableScriptedObjects (0ms)
			BackupInstance (0ms)
			ReleaseScriptingObjects (0ms)
			CreateAndSetChildDomain (1ms)
		EndReloadAssembly (448ms)
			LoadAssemblies (65ms)
			RebuildTransferFunctionScriptingTraits (0ms)
			SetupTypeCache (122ms)
			ReleaseScriptCaches (0ms)
			RebuildScriptCaches (27ms)
			SetupLoadedEditorAssemblies (250ms)
				LogAssemblyErrors (0ms)
				InitializePlatformSupportModulesInManaged (8ms)
				SetLoadedEditorAssemblies (0ms)
				RefreshPlugins (93ms)
				BeforeProcessingInitializeOnLoad (1ms)
				ProcessInitializeOnLoadAttributes (107ms)
				ProcessInitializeOnLoadMethodAttributes (40ms)
				AfterProcessingInitializeOnLoad (0ms)
				EditorAssembliesLoaded (0ms)
			ExecutionOrderSort2 (0ms)
			AwakeInstancesAfterBackupRestoration (0ms)
Platform modules already initialized, skipping
Registering precompiled user dll's ...
Registered in 0.005028 seconds.
Begin MonoManager ReloadAssembly
Symbol file LoadedFromMemory doesn't match image C:\Users\17G319S02\Desktop\Unity-2d-game\2D RUN game\Library\PackageCache\com.unity.visualscripting@1.7.6\Editor\VisualScripting.Core\Dependencies\YamlDotNet\Unity.VisualScripting.YamlDotNet.dll
Symbol file LoadedFromMemory is not a mono symbol file
Symbol file LoadedFromMemory doesn't match image C:\Users\17G319S02\Desktop\Unity-2d-game\2D RUN game\Library\PackageCache\com.unity.visualscripting@1.7.6\Editor\VisualScripting.Core\Dependencies\DotNetZip\Unity.VisualScripting.IonicZip.dll
Native extension for WindowsStandalone target not found
Native extension for WebGL target not found
Refreshing native plugins compatible for Editor in 86.07 ms, found 4 plugins.
Preloading 0 native plugins for Editor in 0.00 ms.
Mono: successfully reloaded assembly
- Completed reload, in  0.988 seconds
Domain Reload Profiling:
	ReloadAssembly (989ms)
		BeginReloadAssembly (95ms)
			ExecutionOrderSort (0ms)
			DisableScriptedObjects (5ms)
			BackupInstance (0ms)
			ReleaseScriptingObjects (0ms)
			CreateAndSetChildDomain (18ms)
		EndReloadAssembly (779ms)
			LoadAssemblies (74ms)
			RebuildTransferFunctionScriptingTraits (0ms)
			SetupTypeCache (205ms)
			ReleaseScriptCaches (1ms)
			RebuildScriptCaches (52ms)
			SetupLoadedEditorAssemblies (402ms)
				LogAssemblyErrors (0ms)
				InitializePlatformSupportModulesInManaged (5ms)
				SetLoadedEditorAssemblies (0ms)
				RefreshPlugins (86ms)
				BeforeProcessingInitializeOnLoad (86ms)
				ProcessInitializeOnLoadAttributes (186ms)
				ProcessInitializeOnLoadMethodAttributes (34ms)
				AfterProcessingInitializeOnLoad (6ms)
				EditorAssembliesLoaded (0ms)
			ExecutionOrderSort2 (0ms)
			AwakeInstancesAfterBackupRestoration (6ms)
Platform modules already initialized, skipping
========================================================================
Worker process is ready to serve import requests
Launched and connected shader compiler UnityShaderCompiler.exe after 0.05 seconds
Refreshing native plugins compatible for Editor in 0.67 ms, found 4 plugins.
Preloading 0 native plugins for Editor in 0.00 ms.
Unloading 3917 Unused Serialized files (Serialized files now loaded: 0)
Unloading 34 unused Assets / (55.6 KB). Loaded Objects now: 4376.
Memory consumption went from 147.0 MB to 146.9 MB.
Total: 2.876500 ms (FindLiveObjects: 0.315600 ms CreateObjectMapping: 0.302200 ms MarkObjects: 2.191400 ms  DeleteObjects: 0.066600 ms)

AssetImportParameters requested are different than current active one (requested -> active):
  custom:video-decoder-ogg-theora: a1e56fd34408186e4bbccfd4996cb3dc -> 
  custom:container-muxer-webm: aa71ff27fc2769a1b78a27578f13a17b -> 
  custom:container-demuxer-webm: 4f35f7cbe854078d1ac9338744f61a02 -> 
  custom:video-encoder-webm-vp8: eb34c28f22e8b96e1ab97ce403110664 -> 
  custom:audio-encoder-webm-vorbis: bf7c407c2cedff20999df2af8eb42d56 -> 
  custom:framework-win-MediaFoundation: 216162199b28c13a410421893ffa2e32 -> 
  custom:container-demuxer-ogg: 62fdf1f143b41e24485cea50d1cbac27 -> 
  custom:video-decoder-webm-vp8: 9c59270c3fd7afecdb556c50c9e8de78 -> 
  custom:audio-decoder-ogg-vorbis: bf7c407c2cedff20999df2af8eb42d56 -> 
========================================================================
Received Import Request.
  Time since last request: 177323.723872 seconds.
  path: Assets/TRani/stand/crouch (1).png
  artifactKey: Guid(07a8fa989d64e834ead9d0e3565e187b) Importer(815301076,1909f56bfc062723c751e8b465ee728b)
Start importing Assets/TRani/stand/crouch (1).png using Guid(07a8fa989d64e834ead9d0e3565e187b) Importer(815301076,1909f56bfc062723c751e8b465ee728b)  -> (artifact id: '55e66b7ce1352f4a5771deb6700e53aa') in 0.095340 seconds 
========================================================================
Received Import Request.
  Time since last request: 0.000019 seconds.
  path: Assets/TRani/stand/crouch (5).png
  artifactKey: Guid(4684baf8e87407e4c8693bf810e30f42) Importer(815301076,1909f56bfc062723c751e8b465ee728b)
Start importing Assets/TRani/stand/crouch (5).png using Guid(4684baf8e87407e4c8693bf810e30f42) Importer(815301076,1909f56bfc062723c751e8b465ee728b)  -> (artifact id: '36869d5cd8d6df854320ae5cd4828c36') in 0.017777 seconds 
========================================================================
Received Import Request.
  Time since last request: 0.000015 seconds.
  path: Assets/TRani/stand/crouch (3).png
  artifactKey: Guid(369a926713203054796bb50dbf919766) Importer(815301076,1909f56bfc062723c751e8b465ee728b)
Start importing Assets/TRani/stand/crouch (3).png using Guid(369a926713203054796bb50dbf919766) Importer(815301076,1909f56bfc062723c751e8b465ee728b)  -> (artifact id: '758de1beb55169d1405e9fca8c87fb85') in 0.017781 seconds 
========================================================================
Received Import Request.
  Time since last request: 0.000020 seconds.
  path: Assets/TRani/stand/crouch (6).png
  artifactKey: Guid(edfc216fb164b4b48ba96f46353c5add) Importer(815301076,1909f56bfc062723c751e8b465ee728b)
Start importing Assets/TRani/stand/crouch (6).png using Guid(edfc216fb164b4b48ba96f46353c5add) Importer(815301076,1909f56bfc062723c751e8b465ee728b)  -> (artifact id: 'fbe5e803a6fc0dabe552bd2d794265a8') in 0.018468 seconds 
========================================================================
Received Import Request.
  Time since last request: 16.393518 seconds.
  path: Assets/TRani/slide/slide (2).png
  artifactKey: Guid(3aa2929ce86d26c4d8baafdc1f4ada4e) Importer(815301076,1909f56bfc062723c751e8b465ee728b)
Start importing Assets/TRani/slide/slide (2).png using Guid(3aa2929ce86d26c4d8baafdc1f4ada4e) Importer(815301076,1909f56bfc062723c751e8b465ee728b)  -> (artifact id: 'f1311a9cd6d63c50ab9605f2c5771658') in 0.021343 seconds 
========================================================================
Received Import Request.
  Time since last request: 0.000018 seconds.
  path: Assets/TRani/slide/slide (8).png
  artifactKey: Guid(f8c9738d4d364f64b849f6013f948783) Importer(815301076,1909f56bfc062723c751e8b465ee728b)
Start importing Assets/TRani/slide/slide (8).png using Guid(f8c9738d4d364f64b849f6013f948783) Importer(815301076,1909f56bfc062723c751e8b465ee728b)  -> (artifact id: 'd02d072fb8f2f1b32b715f704008bccd') in 0.020514 seconds 
========================================================================
Received Import Request.
  Time since last request: 0.000039 seconds.
  path: Assets/TRani/slide/slide (11).png
  artifactKey: Guid(499652bc52413c944af03c6b16825174) Importer(815301076,1909f56bfc062723c751e8b465ee728b)
Start importing Assets/TRani/slide/slide (11).png using Guid(499652bc52413c944af03c6b16825174) Importer(815301076,1909f56bfc062723c751e8b465ee728b)  -> (artifact id: '73ed0df00bdc8d931c33f8766a7da4a0') in 0.018712 seconds 
========================================================================
Received Import Request.
  Time since last request: 0.000042 seconds.
  path: Assets/TRani/slide/slide (5).png
  artifactKey: Guid(e95b6706a4515234fb2683e880c0f023) Importer(815301076,1909f56bfc062723c751e8b465ee728b)
Start importing Assets/TRani/slide/slide (5).png using Guid(e95b6706a4515234fb2683e880c0f023) Importer(815301076,1909f56bfc062723c751e8b465ee728b)  -> (artifact id: 'f3955acfad426b13b723cc20e9f5213c') in 0.021170 seconds 
========================================================================
Received Import Request.
  Time since last request: 13.161131 seconds.
  path: Assets/TRani/jump/jump (2).png
  artifactKey: Guid(5df49c65a53f25f4397bff7be2c40592) Importer(815301076,1909f56bfc062723c751e8b465ee728b)
Start importing Assets/TRani/jump/jump (2).png using Guid(5df49c65a53f25f4397bff7be2c40592) Importer(815301076,1909f56bfc062723c751e8b465ee728b)  -> (artifact id: '8c7d0a327b5839dc4a19a6bb07e9cf4f') in 0.019369 seconds 
========================================================================
Received Import Request.
  Time since last request: 0.000020 seconds.
  path: Assets/TRani/jump/jump (9).png
  artifactKey: Guid(3233966f64948cf489f5e395c76de99d) Importer(815301076,1909f56bfc062723c751e8b465ee728b)
Start importing Assets/TRani/jump/jump (9).png using Guid(3233966f64948cf489f5e395c76de99d) Importer(815301076,1909f56bfc062723c751e8b465ee728b)  -> (artifact id: '17cb37cd2c0033213427c876aef5dce0') in 0.017734 seconds 
========================================================================
Received Import Request.
  Time since last request: 0.000014 seconds.
  path: Assets/TRani/jump/jump (7).png
  artifactKey: Guid(c5cb897ced7c3ab4a950560cf6cfd6c7) Importer(815301076,1909f56bfc062723c751e8b465ee728b)
Start importing Assets/TRani/jump/jump (7).png using Guid(c5cb897ced7c3ab4a950560cf6cfd6c7) Importer(815301076,1909f56bfc062723c751e8b465ee728b)  -> (artifact id: '0df0ab38a1e0a3b7d075db92711d1075') in 0.017587 seconds 
========================================================================
Received Import Request.
  Time since last request: 0.000017 seconds.
  path: Assets/TRani/jump/jump (8).png
  artifactKey: Guid(2edece2f101747a4b88e3fbe8d13d609) Importer(815301076,1909f56bfc062723c751e8b465ee728b)
Start importing Assets/TRani/jump/jump (8).png using Guid(2edece2f101747a4b88e3fbe8d13d609) Importer(815301076,1909f56bfc062723c751e8b465ee728b)  -> (artifact id: 'bfe5eb090afee03a8ca4699ca0ecb756') in 0.015429 seconds 
========================================================================
Received Import Request.
  Time since last request: 0.000025 seconds.
  path: Assets/TRani/jump/jump (12).png
  artifactKey: Guid(c70ec050a05e10a44a22f9ef618b1d61) Importer(815301076,1909f56bfc062723c751e8b465ee728b)
Start importing Assets/TRani/jump/jump (12).png using Guid(c70ec050a05e10a44a22f9ef618b1d61) Importer(815301076,1909f56bfc062723c751e8b465ee728b)  -> (artifact id: 'b54dc2fb2a00ac14c1d801b706a47b62') in 0.016929 seconds 
========================================================================
Received Import Request.
  Time since last request: 9.794448 seconds.
  path: Assets/TRani/climb/climb (2).png
  artifactKey: Guid(7625ecad851e81243ba95fb34e8ba81b) Importer(815301076,1909f56bfc062723c751e8b465ee728b)
Start importing Assets/TRani/climb/climb (2).png using Guid(7625ecad851e81243ba95fb34e8ba81b) Importer(815301076,1909f56bfc062723c751e8b465ee728b)  -> (artifact id: '6f32f29c55fc6cf809c9d90b4d311de7') in 0.020612 seconds 
========================================================================
Received Import Request.
  Time since last request: 0.000022 seconds.
  path: Assets/TRani/climb/climb (9).png
  artifactKey: Guid(c84560fbd6e6e2b4592297ce9e1b6872) Importer(815301076,1909f56bfc062723c751e8b465ee728b)
Start importing Assets/TRani/climb/climb (9).png using Guid(c84560fbd6e6e2b4592297ce9e1b6872) Importer(815301076,1909f56bfc062723c751e8b465ee728b)  -> (artifact id: 'e36f53cf7f29ae01b3a1bb7ec572796d') in 0.016529 seconds 
========================================================================
Received Import Request.
  Time since last request: 0.000028 seconds.
  path: Assets/TRani/climb/climb (4).png
  artifactKey: Guid(3d3e256a876b6a2419989e8195e2406e) Importer(815301076,1909f56bfc062723c751e8b465ee728b)
Start importing Assets/TRani/climb/climb (4).png using Guid(3d3e256a876b6a2419989e8195e2406e) Importer(815301076,1909f56bfc062723c751e8b465ee728b)  -> (artifact id: '4d8ee9d792d5ec44707336e549d84a5a') in 0.018244 seconds 
========================================================================
Received Import Request.
  Time since last request: 15.210583 seconds.
  path: Assets/TRani/crouch/crouch (2).png
  artifactKey: Guid(f40a4c2c85d21f84a9b6d3ccd54f692c) Importer(815301076,1909f56bfc062723c751e8b465ee728b)
Start importing Assets/TRani/crouch/crouch (2).png using Guid(f40a4c2c85d21f84a9b6d3ccd54f692c) Importer(815301076,1909f56bfc062723c751e8b465ee728b)  -> (artifact id: '7f3aad09ab3994277ed1bd3ef8923935') in 0.021216 seconds 
========================================================================
Received Import Request.
  Time since last request: 0.000015 seconds.
  path: Assets/TRani/crouch/crouch (8).png
  artifactKey: Guid(d5c6042723a52184996cbb2aa8e64af2) Importer(815301076,1909f56bfc062723c751e8b465ee728b)
Start importing Assets/TRani/crouch/crouch (8).png using Guid(d5c6042723a52184996cbb2aa8e64af2) Importer(815301076,1909f56bfc062723c751e8b465ee728b)  -> (artifact id: '5d78ddb8eab86ffe725503805b09065a') in 0.014645 seconds 
========================================================================
Received Import Request.
  Time since last request: 0.000014 seconds.
  path: Assets/TRani/crouch/crouch (5).png
  artifactKey: Guid(5444d4933d7c9354eb65dc04c5e1c845) Importer(815301076,1909f56bfc062723c751e8b465ee728b)
Start importing Assets/TRani/crouch/crouch (5).png using Guid(5444d4933d7c9354eb65dc04c5e1c845) Importer(815301076,1909f56bfc062723c751e8b465ee728b)  -> (artifact id: 'a68bce804dad7a802e5b73071a66cccd') in 0.014589 seconds 
========================================================================
Received Import Request.
  Time since last request: 0.000025 seconds.
  path: Assets/TRani/crouch/crouch (10).png
  artifactKey: Guid(4599d51212de7a34585ecdf1cabe2af9) Importer(815301076,1909f56bfc062723c751e8b465ee728b)
Start importing Assets/TRani/crouch/crouch (10).png using Guid(4599d51212de7a34585ecdf1cabe2af9) Importer(815301076,1909f56bfc062723c751e8b465ee728b)  -> (artifact id: '8179dcbaf17432e7fa3f36891eeb757d') in 0.012964 seconds 
========================================================================
Received Import Request.
  Time since last request: 37.600135 seconds.
  path: Assets/TRani/run/run (2).png
  artifactKey: Guid(d0f29ad82a809b045b96ec43936ff61c) Importer(815301076,1909f56bfc062723c751e8b465ee728b)
Start importing Assets/TRani/run/run (2).png using Guid(d0f29ad82a809b045b96ec43936ff61c) Importer(815301076,1909f56bfc062723c751e8b465ee728b)  -> (artifact id: 'd8404df804e0e9284e39e0ed3a8cfe55') in 0.018829 seconds 
========================================================================
Received Import Request.
  Time since last request: 0.000020 seconds.
  path: Assets/TRani/run/run (10).png
  artifactKey: Guid(27504080005967248951ade6d2ca22b8) Importer(815301076,1909f56bfc062723c751e8b465ee728b)
Start importing Assets/TRani/run/run (10).png using Guid(27504080005967248951ade6d2ca22b8) Importer(815301076,1909f56bfc062723c751e8b465ee728b)  -> (artifact id: 'bc9e3a7c528986c7504d6fb01b9f8bfe') in 0.020142 seconds 
========================================================================
Received Import Request.
  Time since last request: 0.000024 seconds.
  path: Assets/TRani/run/run (4).png
  artifactKey: Guid(28990e11c7e47074c923f1a69da31d10) Importer(815301076,1909f56bfc062723c751e8b465ee728b)
Start importing Assets/TRani/run/run (4).png using Guid(28990e11c7e47074c923f1a69da31d10) Importer(815301076,1909f56bfc062723c751e8b465ee728b)  -> (artifact id: 'ca5c11f3503fa0664c250d5db87538ee') in 0.020657 seconds 
========================================================================
Received Import Request.
  Time since last request: 0.000030 seconds.
  path: Assets/TRani/run/run (7).png
  artifactKey: Guid(7b8c34abc3b8ae14a934d558d290d44e) Importer(815301076,1909f56bfc062723c751e8b465ee728b)
Start importing Assets/TRani/run/run (7).png using Guid(7b8c34abc3b8ae14a934d558d290d44e) Importer(815301076,1909f56bfc062723c751e8b465ee728b)  -> (artifact id: '56eb22bff0fd72415648289119b802e4') in 0.027967 seconds 
========================================================================
Received Import Request.
  Time since last request: 0.000019 seconds.
  path: Assets/TRani/run/run (17).png
  artifactKey: Guid(f0ac8c37de1f90549be8d40fe2adf06a) Importer(815301076,1909f56bfc062723c751e8b465ee728b)
Start importing Assets/TRani/run/run (17).png using Guid(f0ac8c37de1f90549be8d40fe2adf06a) Importer(815301076,1909f56bfc062723c751e8b465ee728b)  -> (artifact id: '79190520efc7c9313360d6b84658edb5') in 0.018974 seconds 
========================================================================
Received Import Request.
  Time since last request: 0.000033 seconds.
  path: Assets/TRani/run/run (12).png
  artifactKey: Guid(7aad5c605d299a4429a14eec12c89582) Importer(815301076,1909f56bfc062723c751e8b465ee728b)
Start importing Assets/TRani/run/run (12).png using Guid(7aad5c605d299a4429a14eec12c89582) Importer(815301076,1909f56bfc062723c751e8b465ee728b)  -> (artifact id: 'c3738f1cdcfc3dfb38cdd202cede72d7') in 0.018944 seconds 
