Using pre-set license
Built from '2021.3/staging' branch; Version is '2021.3.1f1 (3b70a0754835) revision 3895456'; Using compiler version '192829333'; Build Type 'Release'
OS: 'Windows 10  (10.0.19042) 64bit Professional' Language: 'zh' Physical Memory: 32725 MB
BatchMode: 1, IsHumanControllingUs: 0, StartBugReporterOnCrash: 0, Is64bit: 1, IsPro: 1

COMMAND LINE ARGUMENTS:
D:\unity data\2021.3.1f1\Editor\Unity.exe
-adb2
-batchMode
-noUpm
-name
AssetImportWorker5
-projectPath
D:/unity place/Unity-2d-game/2D RUN game
-logFile
Logs/AssetImportWorker5.log
-srvPort
64613
Successfully changed project path to: D:/unity place/Unity-2d-game/2D RUN game
D:/unity place/Unity-2d-game/2D RUN game
[UnityMemory] Configuration Parameters - Can be set up in boot.config
    "memorysetup-bucket-allocator-granularity=16"
    "memorysetup-bucket-allocator-bucket-count=8"
    "memorysetup-bucket-allocator-block-size=33554432"
    "memorysetup-bucket-allocator-block-count=8"
    "memorysetup-main-allocator-block-size=16777216"
    "memorysetup-thread-allocator-block-size=16777216"
    "memorysetup-gfx-main-allocator-block-size=16777216"
    "memorysetup-gfx-thread-allocator-block-size=16777216"
    "memorysetup-cache-allocator-block-size=4194304"
    "memorysetup-typetree-allocator-block-size=2097152"
    "memorysetup-profiler-bucket-allocator-granularity=16"
    "memorysetup-profiler-bucket-allocator-bucket-count=8"
    "memorysetup-profiler-bucket-allocator-block-size=33554432"
    "memorysetup-profiler-bucket-allocator-block-count=8"
    "memorysetup-profiler-allocator-block-size=16777216"
    "memorysetup-profiler-editor-allocator-block-size=1048576"
    "memorysetup-temp-allocator-size-main=16777216"
    "memorysetup-job-temp-allocator-block-size=2097152"
    "memorysetup-job-temp-allocator-block-size-background=1048576"
    "memorysetup-job-temp-allocator-reduction-small-platforms=262144"
    "memorysetup-temp-allocator-size-background-worker=32768"
    "memorysetup-temp-allocator-size-job-worker=262144"
    "memorysetup-temp-allocator-size-preload-manager=33554432"
    "memorysetup-temp-allocator-size-nav-mesh-worker=65536"
    "memorysetup-temp-allocator-size-audio-worker=65536"
    "memorysetup-temp-allocator-size-cloud-worker=32768"
    "memorysetup-temp-allocator-size-gi-baking-worker=262144"
    "memorysetup-temp-allocator-size-gfx=262144"
Refreshing native plugins compatible for Editor in 129.25 ms, found 4 plugins.
Preloading 0 native plugins for Editor in 0.00 ms.
Initialize engine version: 2021.3.1f1 (3b70a0754835)
[Subsystems] Discovering subsystems at path D:/unity data/2021.3.1f1/Editor/Data/Resources/UnitySubsystems
[Subsystems] Discovering subsystems at path D:/unity place/Unity-2d-game/2D RUN game/Assets
GfxDevice: creating device client; threaded=0; jobified=0
Direct3D:
    Version:  Direct3D 11.0 [level 11.1]
    Renderer: NVIDIA GeForce GTX 1080 (ID=0x1ba0)
    Vendor:   NVIDIA
    VRAM:     7988 MB
    Driver:   30.0.14.7284
Initialize mono
Mono path[0] = 'D:/unity data/2021.3.1f1/Editor/Data/Managed'
Mono path[1] = 'D:/unity data/2021.3.1f1/Editor/Data/MonoBleedingEdge/lib/mono/unityjit-win32'
Mono config path = 'D:/unity data/2021.3.1f1/Editor/Data/MonoBleedingEdge/etc'
Using monoOptions --debugger-agent=transport=dt_socket,embedding=1,server=y,suspend=n,address=127.0.0.1:56316
Begin MonoManager ReloadAssembly
Registering precompiled unity dll's ...
Register platform support module: D:/unity data/2021.3.1f1/Editor/Data/PlaybackEngines/WebGLSupport/UnityEditor.WebGL.Extensions.dll
Register platform support module: D:/unity data/2021.3.1f1/Editor/Data/PlaybackEngines/WindowsStandaloneSupport/UnityEditor.WindowsStandalone.Extensions.dll
Registered in 0.005880 seconds.
Native extension for WindowsStandalone target not found
Native extension for WebGL target not found
Refreshing native plugins compatible for Editor in 121.55 ms, found 4 plugins.
Preloading 0 native plugins for Editor in 0.00 ms.
Mono: successfully reloaded assembly
- Completed reload, in  0.848 seconds
Domain Reload Profiling:
	ReloadAssembly (849ms)
		BeginReloadAssembly (85ms)
			ExecutionOrderSort (0ms)
			DisableScriptedObjects (0ms)
			BackupInstance (0ms)
			ReleaseScriptingObjects (0ms)
			CreateAndSetChildDomain (1ms)
		EndReloadAssembly (626ms)
			LoadAssemblies (85ms)
			RebuildTransferFunctionScriptingTraits (0ms)
			SetupTypeCache (145ms)
			ReleaseScriptCaches (0ms)
			RebuildScriptCaches (41ms)
			SetupLoadedEditorAssemblies (381ms)
				LogAssemblyErrors (0ms)
				InitializePlatformSupportModulesInManaged (12ms)
				SetLoadedEditorAssemblies (0ms)
				RefreshPlugins (122ms)
				BeforeProcessingInitializeOnLoad (1ms)
				ProcessInitializeOnLoadAttributes (175ms)
				ProcessInitializeOnLoadMethodAttributes (71ms)
				AfterProcessingInitializeOnLoad (0ms)
				EditorAssembliesLoaded (0ms)
			ExecutionOrderSort2 (0ms)
			AwakeInstancesAfterBackupRestoration (0ms)
Platform modules already initialized, skipping
Registering precompiled user dll's ...
Registered in 0.007858 seconds.
Begin MonoManager ReloadAssembly
Native extension for WindowsStandalone target not found
Native extension for WebGL target not found
Refreshing native plugins compatible for Editor in 109.37 ms, found 4 plugins.
Preloading 0 native plugins for Editor in 0.00 ms.
Mono: successfully reloaded assembly
- Completed reload, in  1.426 seconds
Domain Reload Profiling:
	ReloadAssembly (1427ms)
		BeginReloadAssembly (163ms)
			ExecutionOrderSort (0ms)
			DisableScriptedObjects (11ms)
			BackupInstance (0ms)
			ReleaseScriptingObjects (0ms)
			CreateAndSetChildDomain (23ms)
		EndReloadAssembly (1103ms)
			LoadAssemblies (128ms)
			RebuildTransferFunctionScriptingTraits (0ms)
			SetupTypeCache (307ms)
			ReleaseScriptCaches (1ms)
			RebuildScriptCaches (73ms)
			SetupLoadedEditorAssemblies (553ms)
				LogAssemblyErrors (0ms)
				InitializePlatformSupportModulesInManaged (6ms)
				SetLoadedEditorAssemblies (0ms)
				RefreshPlugins (109ms)
				BeforeProcessingInitializeOnLoad (109ms)
				ProcessInitializeOnLoadAttributes (269ms)
				ProcessInitializeOnLoadMethodAttributes (56ms)
				AfterProcessingInitializeOnLoad (4ms)
				EditorAssembliesLoaded (0ms)
			ExecutionOrderSort2 (0ms)
			AwakeInstancesAfterBackupRestoration (8ms)
Platform modules already initialized, skipping
========================================================================
Worker process is ready to serve import requests
Launched and connected shader compiler UnityShaderCompiler.exe after 0.10 seconds
Refreshing native plugins compatible for Editor in 1.02 ms, found 4 plugins.
Preloading 0 native plugins for Editor in 0.00 ms.
Unloading 3913 Unused Serialized files (Serialized files now loaded: 0)
Unloading 34 unused Assets / (55.6 KB). Loaded Objects now: 4373.
Memory consumption went from 147.0 MB to 146.9 MB.
Total: 3.969100 ms (FindLiveObjects: 0.324300 ms CreateObjectMapping: 0.345000 ms MarkObjects: 3.219900 ms  DeleteObjects: 0.078900 ms)

AssetImportParameters requested are different than current active one (requested -> active):
  custom:video-decoder-ogg-theora: a1e56fd34408186e4bbccfd4996cb3dc -> 
  custom:container-muxer-webm: aa71ff27fc2769a1b78a27578f13a17b -> 
  custom:container-demuxer-webm: 4f35f7cbe854078d1ac9338744f61a02 -> 
  custom:video-encoder-webm-vp8: eb34c28f22e8b96e1ab97ce403110664 -> 
  custom:audio-encoder-webm-vorbis: bf7c407c2cedff20999df2af8eb42d56 -> 
  custom:framework-win-MediaFoundation: 216162199b28c13a410421893ffa2e32 -> 
  custom:container-demuxer-ogg: 62fdf1f143b41e24485cea50d1cbac27 -> 
  custom:video-decoder-webm-vp8: 9c59270c3fd7afecdb556c50c9e8de78 -> 
  custom:audio-decoder-ogg-vorbis: bf7c407c2cedff20999df2af8eb42d56 -> 
========================================================================
Received Import Request.
  Time since last request: 329741.801471 seconds.
  path: Assets/調整比例過/建築基底/商業大樓_0 Variant.prefab
  artifactKey: Guid(aefc4886af791a945a8712443cb2c087) Importer(815301076,1909f56bfc062723c751e8b465ee728b)
Start importing Assets/調整比例過/建築基底/商業大樓_0 Variant.prefab using Guid(aefc4886af791a945a8712443cb2c087) Importer(815301076,1909f56bfc062723c751e8b465ee728b)  -> (artifact id: '6c7e6ee518f74a2656af3727b220fad3') in 0.283415 seconds 
========================================================================
Received Import Request.
  Time since last request: 0.000040 seconds.
  path: Assets/調整比例過/建築基底/辦公類建築_1 Variant.prefab
  artifactKey: Guid(a772e753829774f4f9213e994cc8a4e5) Importer(815301076,1909f56bfc062723c751e8b465ee728b)
Start importing Assets/調整比例過/建築基底/辦公類建築_1 Variant.prefab using Guid(a772e753829774f4f9213e994cc8a4e5) Importer(815301076,1909f56bfc062723c751e8b465ee728b)  -> (artifact id: '453e8228a2b48ca7932ee2be76cdd280') in 0.048304 seconds 
========================================================================
Received Import Request.
  Time since last request: 0.000045 seconds.
  path: Assets/調整比例過/建築基底/商業大樓_1 Variant.prefab
  artifactKey: Guid(bacce3a19b0b19f4298b40c994833222) Importer(815301076,1909f56bfc062723c751e8b465ee728b)
Start importing Assets/調整比例過/建築基底/商業大樓_1 Variant.prefab using Guid(bacce3a19b0b19f4298b40c994833222) Importer(815301076,1909f56bfc062723c751e8b465ee728b)  -> (artifact id: '05fa602e00942068b9b23e540757a22f') in 0.037768 seconds 
========================================================================
Received Import Request.
  Time since last request: 0.000050 seconds.
  path: Assets/調整比例過/建築基底/建築 基本素材_2 Variant.prefab
  artifactKey: Guid(fa5641befb822d34ba801073813ebf8a) Importer(815301076,1909f56bfc062723c751e8b465ee728b)
Start importing Assets/調整比例過/建築基底/建築 基本素材_2 Variant.prefab using Guid(fa5641befb822d34ba801073813ebf8a) Importer(815301076,1909f56bfc062723c751e8b465ee728b)  -> (artifact id: '14f801b0c053b984a3da6556e64683a4') in 0.027277 seconds 
========================================================================
Received Import Request.
  Time since last request: 76.695935 seconds.
  path: Assets/調整比例過/建築基底1/商業大樓_0 1.prefab
  artifactKey: Guid(8f8c087fd1d676d419446edc463113e2) Importer(815301076,1909f56bfc062723c751e8b465ee728b)
Start importing Assets/調整比例過/建築基底1/商業大樓_0 1.prefab using Guid(8f8c087fd1d676d419446edc463113e2) Importer(815301076,1909f56bfc062723c751e8b465ee728b)  -> (artifact id: '6af224d1a98d8a907cd2bdb3e75649d4') in 0.038309 seconds 
========================================================================
Received Import Request.
  Time since last request: 0.000037 seconds.
  path: Assets/調整比例過/建築基底1/小型住宅_2 1.prefab
  artifactKey: Guid(747d0463cf06ea54eb75ca1ed18eb7aa) Importer(815301076,1909f56bfc062723c751e8b465ee728b)
Start importing Assets/調整比例過/建築基底1/小型住宅_2 1.prefab using Guid(747d0463cf06ea54eb75ca1ed18eb7aa) Importer(815301076,1909f56bfc062723c751e8b465ee728b)  -> (artifact id: 'c4b0a158f9e1ea1e7ba132a5b0eb51e8') in 0.031778 seconds 
========================================================================
Received Import Request.
  Time since last request: 0.000037 seconds.
  path: Assets/調整比例過/建築基底1/小型住宅_3 1.prefab
  artifactKey: Guid(b8115bfdebfd2484689b4e1bf05cf029) Importer(815301076,1909f56bfc062723c751e8b465ee728b)
Start importing Assets/調整比例過/建築基底1/小型住宅_3 1.prefab using Guid(b8115bfdebfd2484689b4e1bf05cf029) Importer(815301076,1909f56bfc062723c751e8b465ee728b)  -> (artifact id: 'cd9c37232c5b33b139a2633ee5fcef18') in 0.025753 seconds 
========================================================================
Received Import Request.
  Time since last request: 0.000029 seconds.
  path: Assets/調整比例過/建築基底1/小型住宅_0 1.prefab
  artifactKey: Guid(7bb436c08b138514f9f3ef6177d58c00) Importer(815301076,1909f56bfc062723c751e8b465ee728b)
Start importing Assets/調整比例過/建築基底1/小型住宅_0 1.prefab using Guid(7bb436c08b138514f9f3ef6177d58c00) Importer(815301076,1909f56bfc062723c751e8b465ee728b)  -> (artifact id: '3706c7a54cfb4860b1d0b935c4efe44b') in 0.023126 seconds 
========================================================================
Received Import Request.
  Time since last request: 0.000029 seconds.
  path: Assets/調整比例過/建築基底1/建築 基本素材_1 1.prefab
  artifactKey: Guid(2fdbb6c89ba67184b88f23f979947192) Importer(815301076,1909f56bfc062723c751e8b465ee728b)
Start importing Assets/調整比例過/建築基底1/建築 基本素材_1 1.prefab using Guid(2fdbb6c89ba67184b88f23f979947192) Importer(815301076,1909f56bfc062723c751e8b465ee728b)  -> (artifact id: '2d475581a2dc3b9e29320137232ab3f3') in 0.021627 seconds 
========================================================================
Received Import Request.
  Time since last request: 0.000021 seconds.
  path: Assets/調整比例過/建築基底1/小型住宅_1 1.prefab
  artifactKey: Guid(f5476907907c69347bd4da64bf4fc95b) Importer(815301076,1909f56bfc062723c751e8b465ee728b)
Start importing Assets/調整比例過/建築基底1/小型住宅_1 1.prefab using Guid(f5476907907c69347bd4da64bf4fc95b) Importer(815301076,1909f56bfc062723c751e8b465ee728b)  -> (artifact id: '9ded10ee449d40f193f3f1980091bb52') in 0.021916 seconds 
========================================================================
Received Import Request.
  Time since last request: 0.000030 seconds.
  path: Assets/調整比例過/建築基底1/建築 基本素材_0 1.prefab
  artifactKey: Guid(93a8bcf0964e78747beb65f75924e6df) Importer(815301076,1909f56bfc062723c751e8b465ee728b)
Start importing Assets/調整比例過/建築基底1/建築 基本素材_0 1.prefab using Guid(93a8bcf0964e78747beb65f75924e6df) Importer(815301076,1909f56bfc062723c751e8b465ee728b)  -> (artifact id: '9ce3903a950244ad5e52dea635797a19') in 0.025479 seconds 
========================================================================
Received Import Request.
  Time since last request: 0.000026 seconds.
  path: Assets/調整比例過/建築基底1/大型住宅_0 1.prefab
  artifactKey: Guid(6e156acff4b098940b42d4eea9108b06) Importer(815301076,1909f56bfc062723c751e8b465ee728b)
Start importing Assets/調整比例過/建築基底1/大型住宅_0 1.prefab using Guid(6e156acff4b098940b42d4eea9108b06) Importer(815301076,1909f56bfc062723c751e8b465ee728b)  -> (artifact id: 'a060c9896f0b6d56592da9c99ee32846') in 0.027936 seconds 
========================================================================
Received Import Request.
  Time since last request: 0.000025 seconds.
  path: Assets/調整比例過/建築基底1/大型住宅_1 1.prefab
  artifactKey: Guid(72c09bc77272d9e45802a07b29db390a) Importer(815301076,1909f56bfc062723c751e8b465ee728b)
Start importing Assets/調整比例過/建築基底1/大型住宅_1 1.prefab using Guid(72c09bc77272d9e45802a07b29db390a) Importer(815301076,1909f56bfc062723c751e8b465ee728b)  -> (artifact id: 'bb32a133539ce1138181a1b90c6d1201') in 0.029321 seconds 
Editor requested this worker to shutdown with reason: Scaling down because of idle timeout
AssetImportWorker is now disconnected from the server
Process exiting
Exiting without the bug reporter. Application will terminate with return code 0