Using pre-set license
Built from '2021.3/staging' branch; Version is '2021.3.1f1 (3b70a0754835) revision 3895456'; Using compiler version '192829333'; Build Type 'Release'
OS: 'Windows 10  (10.0.19042) 64bit Professional' Language: 'zh' Physical Memory: 32725 MB
BatchMode: 1, IsHumanControllingUs: 0, StartBugReporterOnCrash: 0, Is64bit: 1, IsPro: 1

COMMAND LINE ARGUMENTS:
D:\unity data\2021.3.1f1\Editor\Unity.exe
-adb2
-batchMode
-noUpm
-name
AssetImportWorker1
-projectPath
D:/unity place/Unity-2d-game/2D RUN game
-logFile
Logs/AssetImportWorker1.log
-srvPort
64578
Successfully changed project path to: D:/unity place/Unity-2d-game/2D RUN game
D:/unity place/Unity-2d-game/2D RUN game
[UnityMemory] Configuration Parameters - Can be set up in boot.config
    "memorysetup-bucket-allocator-granularity=16"
    "memorysetup-bucket-allocator-bucket-count=8"
    "memorysetup-bucket-allocator-block-size=33554432"
    "memorysetup-bucket-allocator-block-count=8"
    "memorysetup-main-allocator-block-size=16777216"
    "memorysetup-thread-allocator-block-size=16777216"
    "memorysetup-gfx-main-allocator-block-size=16777216"
    "memorysetup-gfx-thread-allocator-block-size=16777216"
    "memorysetup-cache-allocator-block-size=4194304"
    "memorysetup-typetree-allocator-block-size=2097152"
    "memorysetup-profiler-bucket-allocator-granularity=16"
    "memorysetup-profiler-bucket-allocator-bucket-count=8"
    "memorysetup-profiler-bucket-allocator-block-size=33554432"
    "memorysetup-profiler-bucket-allocator-block-count=8"
    "memorysetup-profiler-allocator-block-size=16777216"
    "memorysetup-profiler-editor-allocator-block-size=1048576"
    "memorysetup-temp-allocator-size-main=16777216"
    "memorysetup-job-temp-allocator-block-size=2097152"
    "memorysetup-job-temp-allocator-block-size-background=1048576"
    "memorysetup-job-temp-allocator-reduction-small-platforms=262144"
    "memorysetup-temp-allocator-size-background-worker=32768"
    "memorysetup-temp-allocator-size-job-worker=262144"
    "memorysetup-temp-allocator-size-preload-manager=33554432"
    "memorysetup-temp-allocator-size-nav-mesh-worker=65536"
    "memorysetup-temp-allocator-size-audio-worker=65536"
    "memorysetup-temp-allocator-size-cloud-worker=32768"
    "memorysetup-temp-allocator-size-gi-baking-worker=262144"
    "memorysetup-temp-allocator-size-gfx=262144"
Refreshing native plugins compatible for Editor in 128.01 ms, found 4 plugins.
Preloading 0 native plugins for Editor in 0.00 ms.
Initialize engine version: 2021.3.1f1 (3b70a0754835)
[Subsystems] Discovering subsystems at path D:/unity data/2021.3.1f1/Editor/Data/Resources/UnitySubsystems
[Subsystems] Discovering subsystems at path D:/unity place/Unity-2d-game/2D RUN game/Assets
GfxDevice: creating device client; threaded=0; jobified=0
Direct3D:
    Version:  Direct3D 11.0 [level 11.1]
    Renderer: NVIDIA GeForce GTX 1080 (ID=0x1ba0)
    Vendor:   NVIDIA
    VRAM:     7988 MB
    Driver:   30.0.14.7284
Initialize mono
Mono path[0] = 'D:/unity data/2021.3.1f1/Editor/Data/Managed'
Mono path[1] = 'D:/unity data/2021.3.1f1/Editor/Data/MonoBleedingEdge/lib/mono/unityjit-win32'
Mono config path = 'D:/unity data/2021.3.1f1/Editor/Data/MonoBleedingEdge/etc'
Using monoOptions --debugger-agent=transport=dt_socket,embedding=1,server=y,suspend=n,address=127.0.0.1:56196
Begin MonoManager ReloadAssembly
Registering precompiled unity dll's ...
Register platform support module: D:/unity data/2021.3.1f1/Editor/Data/PlaybackEngines/WebGLSupport/UnityEditor.WebGL.Extensions.dll
Register platform support module: D:/unity data/2021.3.1f1/Editor/Data/PlaybackEngines/WindowsStandaloneSupport/UnityEditor.WindowsStandalone.Extensions.dll
Registered in 0.005117 seconds.
Native extension for WindowsStandalone target not found
Native extension for WebGL target not found
Refreshing native plugins compatible for Editor in 138.90 ms, found 4 plugins.
Preloading 0 native plugins for Editor in 0.00 ms.
Mono: successfully reloaded assembly
- Completed reload, in  0.930 seconds
Domain Reload Profiling:
	ReloadAssembly (931ms)
		BeginReloadAssembly (94ms)
			ExecutionOrderSort (0ms)
			DisableScriptedObjects (0ms)
			BackupInstance (0ms)
			ReleaseScriptingObjects (0ms)
			CreateAndSetChildDomain (2ms)
		EndReloadAssembly (692ms)
			LoadAssemblies (92ms)
			RebuildTransferFunctionScriptingTraits (0ms)
			SetupTypeCache (184ms)
			ReleaseScriptCaches (0ms)
			RebuildScriptCaches (40ms)
			SetupLoadedEditorAssemblies (397ms)
				LogAssemblyErrors (0ms)
				InitializePlatformSupportModulesInManaged (10ms)
				SetLoadedEditorAssemblies (0ms)
				RefreshPlugins (139ms)
				BeforeProcessingInitializeOnLoad (2ms)
				ProcessInitializeOnLoadAttributes (182ms)
				ProcessInitializeOnLoadMethodAttributes (64ms)
				AfterProcessingInitializeOnLoad (0ms)
				EditorAssembliesLoaded (0ms)
			ExecutionOrderSort2 (0ms)
			AwakeInstancesAfterBackupRestoration (0ms)
Platform modules already initialized, skipping
Registering precompiled user dll's ...
Registered in 0.005923 seconds.
Begin MonoManager ReloadAssembly
Symbol file LoadedFromMemory doesn't match image D:\unity place\Unity-2d-game\2D RUN game\Library\PackageCache\com.unity.visualscripting@1.7.6\Editor\VisualScripting.Core\Dependencies\YamlDotNet\Unity.VisualScripting.YamlDotNet.dll
Symbol file LoadedFromMemory is not a mono symbol file
Symbol file LoadedFromMemory doesn't match image D:\unity place\Unity-2d-game\2D RUN game\Library\PackageCache\com.unity.visualscripting@1.7.6\Editor\VisualScripting.Core\Dependencies\DotNetZip\Unity.VisualScripting.IonicZip.dll
Native extension for WindowsStandalone target not found
Native extension for WebGL target not found
Refreshing native plugins compatible for Editor in 131.07 ms, found 4 plugins.
Preloading 0 native plugins for Editor in 0.00 ms.
Mono: successfully reloaded assembly
- Completed reload, in  1.571 seconds
Domain Reload Profiling:
	ReloadAssembly (1572ms)
		BeginReloadAssembly (141ms)
			ExecutionOrderSort (0ms)
			DisableScriptedObjects (9ms)
			BackupInstance (0ms)
			ReleaseScriptingObjects (0ms)
			CreateAndSetChildDomain (25ms)
		EndReloadAssembly (1248ms)
			LoadAssemblies (110ms)
			RebuildTransferFunctionScriptingTraits (0ms)
			SetupTypeCache (351ms)
			ReleaseScriptCaches (1ms)
			RebuildScriptCaches (89ms)
			SetupLoadedEditorAssemblies (626ms)
				LogAssemblyErrors (0ms)
				InitializePlatformSupportModulesInManaged (6ms)
				SetLoadedEditorAssemblies (0ms)
				RefreshPlugins (131ms)
				BeforeProcessingInitializeOnLoad (126ms)
				ProcessInitializeOnLoadAttributes (303ms)
				ProcessInitializeOnLoadMethodAttributes (55ms)
				AfterProcessingInitializeOnLoad (4ms)
				EditorAssembliesLoaded (0ms)
			ExecutionOrderSort2 (0ms)
			AwakeInstancesAfterBackupRestoration (9ms)
Platform modules already initialized, skipping
========================================================================
Worker process is ready to serve import requests
Launched and connected shader compiler UnityShaderCompiler.exe after 0.09 seconds
Refreshing native plugins compatible for Editor in 0.88 ms, found 4 plugins.
Preloading 0 native plugins for Editor in 0.00 ms.
Unloading 3913 Unused Serialized files (Serialized files now loaded: 0)
Unloading 34 unused Assets / (55.6 KB). Loaded Objects now: 4373.
Memory consumption went from 147.0 MB to 147.0 MB.
Total: 6.220700 ms (FindLiveObjects: 0.565700 ms CreateObjectMapping: 0.583100 ms MarkObjects: 4.954000 ms  DeleteObjects: 0.116500 ms)

AssetImportParameters requested are different than current active one (requested -> active):
  custom:video-decoder-ogg-theora: a1e56fd34408186e4bbccfd4996cb3dc -> 
  custom:container-muxer-webm: aa71ff27fc2769a1b78a27578f13a17b -> 
  custom:container-demuxer-webm: 4f35f7cbe854078d1ac9338744f61a02 -> 
  custom:video-encoder-webm-vp8: eb34c28f22e8b96e1ab97ce403110664 -> 
  custom:audio-encoder-webm-vorbis: bf7c407c2cedff20999df2af8eb42d56 -> 
  custom:framework-win-MediaFoundation: 216162199b28c13a410421893ffa2e32 -> 
  custom:container-demuxer-ogg: 62fdf1f143b41e24485cea50d1cbac27 -> 
  custom:video-decoder-webm-vp8: 9c59270c3fd7afecdb556c50c9e8de78 -> 
  custom:audio-decoder-ogg-vorbis: bf7c407c2cedff20999df2af8eb42d56 -> 
========================================================================
Received Import Request.
  Time since last request: 326996.293997 seconds.
  path: Assets/調整比例後素材/大型住宅_1.prefab
  artifactKey: Guid(73f720b2e065f734d91a6f6e650c2f4a) Importer(815301076,1909f56bfc062723c751e8b465ee728b)
Start importing Assets/調整比例後素材/大型住宅_1.prefab using Guid(73f720b2e065f734d91a6f6e650c2f4a) Importer(815301076,1909f56bfc062723c751e8b465ee728b)  -> (artifact id: 'dd9511f21a158160b3c2557c2f1d5e88') in 0.251798 seconds 
========================================================================
Received Import Request.
  Time since last request: 0.000031 seconds.
  path: Assets/調整比例後素材/建築 基本素材_0.prefab
  artifactKey: Guid(cdd5437072864d3459dfac0a260c27a4) Importer(815301076,1909f56bfc062723c751e8b465ee728b)
Start importing Assets/調整比例後素材/建築 基本素材_0.prefab using Guid(cdd5437072864d3459dfac0a260c27a4) Importer(815301076,1909f56bfc062723c751e8b465ee728b)  -> (artifact id: 'c707fcd06b8c39c2e09ff2f64d3d9443') in 0.037559 seconds 
========================================================================
Received Import Request.
  Time since last request: 0.000036 seconds.
  path: Assets/調整比例後素材/建築 基本素材_2.prefab
  artifactKey: Guid(d42e447579f7fd44087407f2d6cab038) Importer(815301076,1909f56bfc062723c751e8b465ee728b)
Start importing Assets/調整比例後素材/建築 基本素材_2.prefab using Guid(d42e447579f7fd44087407f2d6cab038) Importer(815301076,1909f56bfc062723c751e8b465ee728b)  -> (artifact id: 'cf7db29f7f8e07e8ecc90009ed084df0') in 0.031866 seconds 
========================================================================
Received Import Request.
  Time since last request: 0.000027 seconds.
  path: Assets/調整比例後素材/小型住宅_0.prefab
  artifactKey: Guid(87ef6b038909aa44cb380b3ac732c38f) Importer(815301076,1909f56bfc062723c751e8b465ee728b)
Start importing Assets/調整比例後素材/小型住宅_0.prefab using Guid(87ef6b038909aa44cb380b3ac732c38f) Importer(815301076,1909f56bfc062723c751e8b465ee728b)  -> (artifact id: '53b582b6d21111c8657c0a1b30142288') in 0.028516 seconds 
========================================================================
Received Import Request.
  Time since last request: 0.000041 seconds.
  path: Assets/調整比例後素材/小型住宅_3.prefab
  artifactKey: Guid(1f44c79cdee229b439cd1d7668562ec4) Importer(815301076,1909f56bfc062723c751e8b465ee728b)
Start importing Assets/調整比例後素材/小型住宅_3.prefab using Guid(1f44c79cdee229b439cd1d7668562ec4) Importer(815301076,1909f56bfc062723c751e8b465ee728b)  -> (artifact id: 'd9d4facaac367de8d12a39ce41a8ca0c') in 0.021471 seconds 
========================================================================
Received Import Request.
  Time since last request: 0.000027 seconds.
  path: Assets/調整比例後素材/辦公類建築_0.prefab
  artifactKey: Guid(daf000b86bffa8b4493de28202aea5eb) Importer(815301076,1909f56bfc062723c751e8b465ee728b)
Start importing Assets/調整比例後素材/辦公類建築_0.prefab using Guid(daf000b86bffa8b4493de28202aea5eb) Importer(815301076,1909f56bfc062723c751e8b465ee728b)  -> (artifact id: 'a932cd55caaf2f1acfe908c0baa65176') in 0.026985 seconds 
========================================================================
Received Import Request.
  Time since last request: 1.369110 seconds.
  path: Assets/調整比例後素材/商業大樓_0.prefab
  artifactKey: Guid(80e0fb6198fa9ce4890a939c714fb191) Importer(815301076,1909f56bfc062723c751e8b465ee728b)
Start importing Assets/調整比例後素材/商業大樓_0.prefab using Guid(80e0fb6198fa9ce4890a939c714fb191) Importer(815301076,1909f56bfc062723c751e8b465ee728b)  -> (artifact id: '08f2e9494e76005e586a40763c64bd63') in 0.028668 seconds 
Editor requested this worker to shutdown with reason: Scaling down because of idle timeout
AssetImportWorker is now disconnected from the server
Process exiting
Exiting without the bug reporter. Application will terminate with return code 0