Using pre-set license
Built from '2021.3/staging' branch; Version is '2021.3.1f1 (3b70a0754835) revision 3895456'; Using compiler version '192829333'; Build Type 'Release'
OS: 'Windows 10  (10.0.19042) 64bit Professional' Language: 'zh' Physical Memory: 32725 MB
BatchMode: 1, IsHumanControllingUs: 0, StartBugReporterOnCrash: 0, Is64bit: 1, IsPro: 1

COMMAND LINE ARGUMENTS:
D:\unity data\2021.3.1f1\Editor\Unity.exe
-adb2
-batchMode
-noUpm
-name
AssetImportWorker8
-projectPath
D:/unity place/Unity-2d-game/2D RUN game
-logFile
Logs/AssetImportWorker8.log
-srvPort
64613
Successfully changed project path to: D:/unity place/Unity-2d-game/2D RUN game
D:/unity place/Unity-2d-game/2D RUN game
[UnityMemory] Configuration Parameters - Can be set up in boot.config
    "memorysetup-bucket-allocator-granularity=16"
    "memorysetup-bucket-allocator-bucket-count=8"
    "memorysetup-bucket-allocator-block-size=33554432"
    "memorysetup-bucket-allocator-block-count=8"
    "memorysetup-main-allocator-block-size=16777216"
    "memorysetup-thread-allocator-block-size=16777216"
    "memorysetup-gfx-main-allocator-block-size=16777216"
    "memorysetup-gfx-thread-allocator-block-size=16777216"
    "memorysetup-cache-allocator-block-size=4194304"
    "memorysetup-typetree-allocator-block-size=2097152"
    "memorysetup-profiler-bucket-allocator-granularity=16"
    "memorysetup-profiler-bucket-allocator-bucket-count=8"
    "memorysetup-profiler-bucket-allocator-block-size=33554432"
    "memorysetup-profiler-bucket-allocator-block-count=8"
    "memorysetup-profiler-allocator-block-size=16777216"
    "memorysetup-profiler-editor-allocator-block-size=1048576"
    "memorysetup-temp-allocator-size-main=16777216"
    "memorysetup-job-temp-allocator-block-size=2097152"
    "memorysetup-job-temp-allocator-block-size-background=1048576"
    "memorysetup-job-temp-allocator-reduction-small-platforms=262144"
    "memorysetup-temp-allocator-size-background-worker=32768"
    "memorysetup-temp-allocator-size-job-worker=262144"
    "memorysetup-temp-allocator-size-preload-manager=33554432"
    "memorysetup-temp-allocator-size-nav-mesh-worker=65536"
    "memorysetup-temp-allocator-size-audio-worker=65536"
    "memorysetup-temp-allocator-size-cloud-worker=32768"
    "memorysetup-temp-allocator-size-gi-baking-worker=262144"
    "memorysetup-temp-allocator-size-gfx=262144"
Refreshing native plugins compatible for Editor in 134.68 ms, found 4 plugins.
Preloading 0 native plugins for Editor in 0.00 ms.
Initialize engine version: 2021.3.1f1 (3b70a0754835)
[Subsystems] Discovering subsystems at path D:/unity data/2021.3.1f1/Editor/Data/Resources/UnitySubsystems
[Subsystems] Discovering subsystems at path D:/unity place/Unity-2d-game/2D RUN game/Assets
GfxDevice: creating device client; threaded=0; jobified=0
Direct3D:
    Version:  Direct3D 11.0 [level 11.1]
    Renderer: NVIDIA GeForce GTX 1080 (ID=0x1ba0)
    Vendor:   NVIDIA
    VRAM:     7988 MB
    Driver:   30.0.14.7284
Initialize mono
Mono path[0] = 'D:/unity data/2021.3.1f1/Editor/Data/Managed'
Mono path[1] = 'D:/unity data/2021.3.1f1/Editor/Data/MonoBleedingEdge/lib/mono/unityjit-win32'
Mono config path = 'D:/unity data/2021.3.1f1/Editor/Data/MonoBleedingEdge/etc'
Using monoOptions --debugger-agent=transport=dt_socket,embedding=1,server=y,suspend=n,address=127.0.0.1:56980
Begin MonoManager ReloadAssembly
Registering precompiled unity dll's ...
Register platform support module: D:/unity data/2021.3.1f1/Editor/Data/PlaybackEngines/WebGLSupport/UnityEditor.WebGL.Extensions.dll
Register platform support module: D:/unity data/2021.3.1f1/Editor/Data/PlaybackEngines/WindowsStandaloneSupport/UnityEditor.WindowsStandalone.Extensions.dll
Registered in 0.003798 seconds.
Native extension for WindowsStandalone target not found
Native extension for WebGL target not found
Refreshing native plugins compatible for Editor in 118.16 ms, found 4 plugins.
Preloading 0 native plugins for Editor in 0.00 ms.
Mono: successfully reloaded assembly
- Completed reload, in  0.842 seconds
Domain Reload Profiling:
	ReloadAssembly (842ms)
		BeginReloadAssembly (99ms)
			ExecutionOrderSort (0ms)
			DisableScriptedObjects (0ms)
			BackupInstance (0ms)
			ReleaseScriptingObjects (0ms)
			CreateAndSetChildDomain (1ms)
		EndReloadAssembly (608ms)
			LoadAssemblies (97ms)
			RebuildTransferFunctionScriptingTraits (0ms)
			SetupTypeCache (138ms)
			ReleaseScriptCaches (0ms)
			RebuildScriptCaches (41ms)
			SetupLoadedEditorAssemblies (362ms)
				LogAssemblyErrors (0ms)
				InitializePlatformSupportModulesInManaged (11ms)
				SetLoadedEditorAssemblies (0ms)
				RefreshPlugins (118ms)
				BeforeProcessingInitializeOnLoad (2ms)
				ProcessInitializeOnLoadAttributes (169ms)
				ProcessInitializeOnLoadMethodAttributes (61ms)
				AfterProcessingInitializeOnLoad (0ms)
				EditorAssembliesLoaded (0ms)
			ExecutionOrderSort2 (0ms)
			AwakeInstancesAfterBackupRestoration (0ms)
Platform modules already initialized, skipping
Registering precompiled user dll's ...
Registered in 0.007908 seconds.
Begin MonoManager ReloadAssembly
Native extension for WindowsStandalone target not found
Native extension for WebGL target not found
Refreshing native plugins compatible for Editor in 120.76 ms, found 4 plugins.
Preloading 0 native plugins for Editor in 0.00 ms.
Mono: successfully reloaded assembly
- Completed reload, in  1.498 seconds
Domain Reload Profiling:
	ReloadAssembly (1499ms)
		BeginReloadAssembly (140ms)
			ExecutionOrderSort (0ms)
			DisableScriptedObjects (9ms)
			BackupInstance (0ms)
			ReleaseScriptingObjects (0ms)
			CreateAndSetChildDomain (28ms)
		EndReloadAssembly (1187ms)
			LoadAssemblies (111ms)
			RebuildTransferFunctionScriptingTraits (0ms)
			SetupTypeCache (317ms)
			ReleaseScriptCaches (1ms)
			RebuildScriptCaches (77ms)
			SetupLoadedEditorAssemblies (616ms)
				LogAssemblyErrors (0ms)
				InitializePlatformSupportModulesInManaged (6ms)
				SetLoadedEditorAssemblies (0ms)
				RefreshPlugins (121ms)
				BeforeProcessingInitializeOnLoad (123ms)
				ProcessInitializeOnLoadAttributes (297ms)
				ProcessInitializeOnLoadMethodAttributes (64ms)
				AfterProcessingInitializeOnLoad (5ms)
				EditorAssembliesLoaded (0ms)
			ExecutionOrderSort2 (0ms)
			AwakeInstancesAfterBackupRestoration (10ms)
Platform modules already initialized, skipping
========================================================================
Worker process is ready to serve import requests
Launched and connected shader compiler UnityShaderCompiler.exe after 0.10 seconds
Refreshing native plugins compatible for Editor in 1.00 ms, found 4 plugins.
Preloading 0 native plugins for Editor in 0.00 ms.
Unloading 3913 Unused Serialized files (Serialized files now loaded: 0)
Unloading 34 unused Assets / (55.6 KB). Loaded Objects now: 4373.
Memory consumption went from 147.1 MB to 147.0 MB.
Total: 4.489900 ms (FindLiveObjects: 0.391900 ms CreateObjectMapping: 0.303400 ms MarkObjects: 3.715500 ms  DeleteObjects: 0.078000 ms)

AssetImportParameters requested are different than current active one (requested -> active):
  custom:video-decoder-ogg-theora: a1e56fd34408186e4bbccfd4996cb3dc -> 
  custom:container-muxer-webm: aa71ff27fc2769a1b78a27578f13a17b -> 
  custom:container-demuxer-webm: 4f35f7cbe854078d1ac9338744f61a02 -> 
  custom:video-encoder-webm-vp8: eb34c28f22e8b96e1ab97ce403110664 -> 
  custom:audio-encoder-webm-vorbis: bf7c407c2cedff20999df2af8eb42d56 -> 
  custom:framework-win-MediaFoundation: 216162199b28c13a410421893ffa2e32 -> 
  custom:container-demuxer-ogg: 62fdf1f143b41e24485cea50d1cbac27 -> 
  custom:video-decoder-webm-vp8: 9c59270c3fd7afecdb556c50c9e8de78 -> 
  custom:audio-decoder-ogg-vorbis: bf7c407c2cedff20999df2af8eb42d56 -> 
========================================================================
Received Import Request.
  Time since last request: 330802.646668 seconds.
  path: Assets/調整比例過/裝飾素材/圍欄/圍欄_0.prefab
  artifactKey: Guid(c2127218e30763f42868175465a26388) Importer(815301076,1909f56bfc062723c751e8b465ee728b)
Start importing Assets/調整比例過/裝飾素材/圍欄/圍欄_0.prefab using Guid(c2127218e30763f42868175465a26388) Importer(815301076,1909f56bfc062723c751e8b465ee728b)  -> (artifact id: '4d3a1c4e0aa65d8f9a2b0e8ce152b166') in 0.239492 seconds 
========================================================================
Received Import Request.
  Time since last request: 125.325341 seconds.
  path: Assets/調整比例過/建築基底/商業大樓2_0 1.prefab
  artifactKey: Guid(02d754f28513fdb4bace0a4fe3f5e7f9) Importer(815301076,1909f56bfc062723c751e8b465ee728b)
Start importing Assets/調整比例過/建築基底/商業大樓2_0 1.prefab using Guid(02d754f28513fdb4bace0a4fe3f5e7f9) Importer(815301076,1909f56bfc062723c751e8b465ee728b)  -> (artifact id: '58981abacec8389306e493e149d7b0ad') in 0.043148 seconds 
========================================================================
Received Import Request.
  Time since last request: 0.000024 seconds.
  path: Assets/調整比例過/建築基底/建築 基本素材_0 1.prefab
  artifactKey: Guid(f14b9bf6543e07544a4dbfac61c06969) Importer(815301076,1909f56bfc062723c751e8b465ee728b)
Start importing Assets/調整比例過/建築基底/建築 基本素材_0 1.prefab using Guid(f14b9bf6543e07544a4dbfac61c06969) Importer(815301076,1909f56bfc062723c751e8b465ee728b)  -> (artifact id: '2036ce54a8c690824dee24277584b666') in 0.027185 seconds 
========================================================================
Received Import Request.
  Time since last request: 0.000053 seconds.
  path: Assets/調整比例過/建築基底/小型住宅_2 1.prefab
  artifactKey: Guid(f228062d39e0c2b42a5ae367435107a0) Importer(815301076,1909f56bfc062723c751e8b465ee728b)
Start importing Assets/調整比例過/建築基底/小型住宅_2 1.prefab using Guid(f228062d39e0c2b42a5ae367435107a0) Importer(815301076,1909f56bfc062723c751e8b465ee728b)  -> (artifact id: 'cc18c721df8dd12f632a4cde67e49f97') in 0.036612 seconds 
========================================================================
Received Import Request.
  Time since last request: 0.000037 seconds.
  path: Assets/調整比例過/建築基底/小型住宅_0 1.prefab
  artifactKey: Guid(5593ac6cc91214646962bccdb47de479) Importer(815301076,1909f56bfc062723c751e8b465ee728b)
Start importing Assets/調整比例過/建築基底/小型住宅_0 1.prefab using Guid(5593ac6cc91214646962bccdb47de479) Importer(815301076,1909f56bfc062723c751e8b465ee728b)  -> (artifact id: 'd5041343cb6c1169e7f5f22da986cf82') in 0.031373 seconds 
========================================================================
Received Import Request.
  Time since last request: 0.000041 seconds.
  path: Assets/調整比例過/建築基底/小型住宅_1 1.prefab
  artifactKey: Guid(28c88c0b8ebb40f4cb13d3fd6327addb) Importer(815301076,1909f56bfc062723c751e8b465ee728b)
Start importing Assets/調整比例過/建築基底/小型住宅_1 1.prefab using Guid(28c88c0b8ebb40f4cb13d3fd6327addb) Importer(815301076,1909f56bfc062723c751e8b465ee728b)  -> (artifact id: '372b85b4fae15ca26e7a478400459d88') in 0.021307 seconds 
========================================================================
Received Import Request.
  Time since last request: 0.000054 seconds.
  path: Assets/調整比例過/建築基底/商業大樓_1 1.prefab
  artifactKey: Guid(49a2567619921334abcc8b72dfd0c0a1) Importer(815301076,1909f56bfc062723c751e8b465ee728b)
Start importing Assets/調整比例過/建築基底/商業大樓_1 1.prefab using Guid(49a2567619921334abcc8b72dfd0c0a1) Importer(815301076,1909f56bfc062723c751e8b465ee728b)  -> (artifact id: 'b1de949022717ddf5791ad3fac17d24f') in 0.026726 seconds 
========================================================================
Received Import Request.
  Time since last request: 23.042263 seconds.
  path: Assets/調整比例過/建築基底/商業大樓2.prefab
  artifactKey: Guid(02d754f28513fdb4bace0a4fe3f5e7f9) Importer(815301076,1909f56bfc062723c751e8b465ee728b)
Start importing Assets/調整比例過/建築基底/商業大樓2.prefab using Guid(02d754f28513fdb4bace0a4fe3f5e7f9) Importer(815301076,1909f56bfc062723c751e8b465ee728b)  -> (artifact id: '4916cd8207fdab3085873be8fbe888fa') in 0.123993 seconds 
========================================================================
Received Import Request.
  Time since last request: 6.424607 seconds.
  path: Assets/調整比例過/建築基底/商業大樓.prefab
  artifactKey: Guid(8108e303554143e4ca5e9880e8b5c67b) Importer(815301076,1909f56bfc062723c751e8b465ee728b)
Start importing Assets/調整比例過/建築基底/商業大樓.prefab using Guid(8108e303554143e4ca5e9880e8b5c67b) Importer(815301076,1909f56bfc062723c751e8b465ee728b)  -> (artifact id: 'af9f6576b9f195a47b77ca31234b4ec4') in 0.025612 seconds 
========================================================================
Received Import Request.
  Time since last request: 27.277113 seconds.
  path: Assets/調整比例過/建築基底/大型住宅.prefab
  artifactKey: Guid(6ab83476717af4545812bd815a198e09) Importer(815301076,1909f56bfc062723c751e8b465ee728b)
Start importing Assets/調整比例過/建築基底/大型住宅.prefab using Guid(6ab83476717af4545812bd815a198e09) Importer(815301076,1909f56bfc062723c751e8b465ee728b)  -> (artifact id: 'f0a2587c63c506bd59bdbb01fc40bcf5') in 0.026927 seconds 
========================================================================
Received Import Request.
  Time since last request: 10.395202 seconds.
  path: Assets/調整比例過/建築基底/商業大樓1.prefab
  artifactKey: Guid(49a2567619921334abcc8b72dfd0c0a1) Importer(815301076,1909f56bfc062723c751e8b465ee728b)
Start importing Assets/調整比例過/建築基底/商業大樓1.prefab using Guid(49a2567619921334abcc8b72dfd0c0a1) Importer(815301076,1909f56bfc062723c751e8b465ee728b)  -> (artifact id: 'd227955fef16543c28dc2c6203b6bc94') in 0.024896 seconds 
========================================================================
Received Import Request.
  Time since last request: 6.898089 seconds.
  path: Assets/調整比例過/建築基底/大型住宅2.prefab
  artifactKey: Guid(1fbb26dcc7d9c8f4fa06c54f90d74328) Importer(815301076,1909f56bfc062723c751e8b465ee728b)
Start importing Assets/調整比例過/建築基底/大型住宅2.prefab using Guid(1fbb26dcc7d9c8f4fa06c54f90d74328) Importer(815301076,1909f56bfc062723c751e8b465ee728b)  -> (artifact id: 'edbf4cddc1d173144a314e3a636aba0f') in 0.023081 seconds 
========================================================================
Received Import Request.
  Time since last request: 5.683932 seconds.
  path: Assets/調整比例過/建築基底/小型住宅1.prefab
  artifactKey: Guid(5593ac6cc91214646962bccdb47de479) Importer(815301076,1909f56bfc062723c751e8b465ee728b)
Start importing Assets/調整比例過/建築基底/小型住宅1.prefab using Guid(5593ac6cc91214646962bccdb47de479) Importer(815301076,1909f56bfc062723c751e8b465ee728b)  -> (artifact id: '9c1c3386883fe2f03157a76ccb6e638b') in 0.024874 seconds 
========================================================================
Received Import Request.
  Time since last request: 4.031972 seconds.
  path: Assets/調整比例過/建築基底/小型住宅2.prefab
  artifactKey: Guid(28c88c0b8ebb40f4cb13d3fd6327addb) Importer(815301076,1909f56bfc062723c751e8b465ee728b)
Start importing Assets/調整比例過/建築基底/小型住宅2.prefab using Guid(28c88c0b8ebb40f4cb13d3fd6327addb) Importer(815301076,1909f56bfc062723c751e8b465ee728b)  -> (artifact id: 'e9427f709acbb036afa4a1121f063aa1') in 0.022235 seconds 
========================================================================
Received Import Request.
  Time since last request: 0.000029 seconds.
  path: Assets/調整比例過/建築基底/建築 基本素材_3 1.prefab
  artifactKey: Guid(18d52e81e61c81a40a62e92cf59ac909) Importer(815301076,1909f56bfc062723c751e8b465ee728b)
Start importing Assets/調整比例過/建築基底/建築 基本素材_3 1.prefab using Guid(18d52e81e61c81a40a62e92cf59ac909) Importer(815301076,1909f56bfc062723c751e8b465ee728b)  -> (artifact id: '7e915a75b5946e7ccf777fe26fc8ca64') in 0.028960 seconds 
========================================================================
Received Import Request.
  Time since last request: 5.706507 seconds.
  path: Assets/調整比例過/建築基底/小型住宅3.prefab
  artifactKey: Guid(f228062d39e0c2b42a5ae367435107a0) Importer(815301076,1909f56bfc062723c751e8b465ee728b)
Start importing Assets/調整比例過/建築基底/小型住宅3.prefab using Guid(f228062d39e0c2b42a5ae367435107a0) Importer(815301076,1909f56bfc062723c751e8b465ee728b)  -> (artifact id: '87f67b9bcd6157655fb851445e9e33f4') in 0.023604 seconds 
========================================================================
Received Import Request.
  Time since last request: 4.069708 seconds.
  path: Assets/調整比例過/建築基底/小型住宅4.prefab
  artifactKey: Guid(c5d3b2f9a0200464782308c9d3db8ebb) Importer(815301076,1909f56bfc062723c751e8b465ee728b)
Start importing Assets/調整比例過/建築基底/小型住宅4.prefab using Guid(c5d3b2f9a0200464782308c9d3db8ebb) Importer(815301076,1909f56bfc062723c751e8b465ee728b)  -> (artifact id: 'f5cb94cdbfd4e4810a1bb4645e25dcb5') in 0.030543 seconds 
========================================================================
Received Import Request.
  Time since last request: 0.000040 seconds.
  path: Assets/調整比例過/建築基底/辦公類建築_1 1.prefab
  artifactKey: Guid(756a81bb5c6b60f488e0964c6f38dac3) Importer(815301076,1909f56bfc062723c751e8b465ee728b)
Start importing Assets/調整比例過/建築基底/辦公類建築_1 1.prefab using Guid(756a81bb5c6b60f488e0964c6f38dac3) Importer(815301076,1909f56bfc062723c751e8b465ee728b)  -> (artifact id: '864fe265054f8c564d4bbef65f8e606d') in 0.069386 seconds 
========================================================================
Received Import Request.
  Time since last request: 7.516350 seconds.
  path: Assets/調整比例過/建築基底/辦公類建築1.prefab
  artifactKey: Guid(b2b0bb7803101de4b9a8d69fbb87fe82) Importer(815301076,1909f56bfc062723c751e8b465ee728b)
Start importing Assets/調整比例過/建築基底/辦公類建築1.prefab using Guid(b2b0bb7803101de4b9a8d69fbb87fe82) Importer(815301076,1909f56bfc062723c751e8b465ee728b)  -> (artifact id: '12992df3a74788675893904d1e941da4') in 0.024743 seconds 
========================================================================
Received Import Request.
  Time since last request: 4.156730 seconds.
  path: Assets/調整比例過/建築基底/辦公類建築2.prefab
  artifactKey: Guid(756a81bb5c6b60f488e0964c6f38dac3) Importer(815301076,1909f56bfc062723c751e8b465ee728b)
Start importing Assets/調整比例過/建築基底/辦公類建築2.prefab using Guid(756a81bb5c6b60f488e0964c6f38dac3) Importer(815301076,1909f56bfc062723c751e8b465ee728b)  -> (artifact id: 'e5f0eeeeb0ea0d7a7db65a251ef2736d') in 0.024045 seconds 
========================================================================
Received Import Request.
  Time since last request: 66.974081 seconds.
  path: Assets/原始素材(不使用)/建築基本
  artifactKey: Guid(3abca6a35a1739d4ea64bf8c3403b3e1) Importer(815301076,1909f56bfc062723c751e8b465ee728b)
Start importing Assets/原始素材(不使用)/建築基本 using Guid(3abca6a35a1739d4ea64bf8c3403b3e1) Importer(815301076,1909f56bfc062723c751e8b465ee728b)  -> (artifact id: '6dbf0740d9b8fbe0052ae4408d0c488c') in 0.006773 seconds 
========================================================================
Received Import Request.
  Time since last request: 127.754292 seconds.
  path: Assets/範例完成素材/1
  artifactKey: Guid(e2a6bad607d4adb4a9190525ef2b3005) Importer(815301076,1909f56bfc062723c751e8b465ee728b)
Start importing Assets/範例完成素材/1 using Guid(e2a6bad607d4adb4a9190525ef2b3005) Importer(815301076,1909f56bfc062723c751e8b465ee728b)  -> (artifact id: '2dfa73d664a2c7a95fd938c9dc0a5cfd') in 0.007119 seconds 
========================================================================
Received Import Request.
  Time since last request: 111.164926 seconds.
  path: ProjectSettings/TagManager.asset
  artifactKey: Guid(00000000000000003000000000000000) Importer(815301076,1909f56bfc062723c751e8b465ee728b)
Start importing ProjectSettings/TagManager.asset using Guid(00000000000000003000000000000000) Importer(815301076,1909f56bfc062723c751e8b465ee728b)  -> (artifact id: '49103ddb131dee35ba8759c97ba2dd04') in 0.011154 seconds 
========================================================================
Received Import Request.
  Time since last request: 347.916023 seconds.
  path: ProjectSettings/TagManager.asset
  artifactKey: Guid(00000000000000003000000000000000) Importer(815301076,1909f56bfc062723c751e8b465ee728b)
Start importing ProjectSettings/TagManager.asset using Guid(00000000000000003000000000000000) Importer(815301076,1909f56bfc062723c751e8b465ee728b)  -> (artifact id: '8979fdac194c80fa1842346c62911c39') in 0.014140 seconds 
